Log file open, 05/22/17 22:09:49
LogInit:Display: Running engine for game: CharacterMechanics
LogPlatformFile: Not using cached read wrapper
LogInit:Display: RandInit(-1830514132) SRandInit(-1830514132).
LogTaskGraph: Started task graph with 5 named threads and 6 total threads with 1 sets of task threads.
LogStats: Stats thread started at 0.074615
LogInit: Using libcurl 7.47.1
LogInit:  - built for x86_64-pc-win32
LogInit:  - supports SSL with OpenSSL/1.0.2g
LogInit:  - supports HTTP deflate (compression) using libz 1.2.8
LogInit:  - other features:
LogInit:      CURL_VERSION_SSL
LogInit:      CURL_VERSION_LIBZ
LogInit:      CURL_VERSION_IPV6
LogInit:      CURL_VERSION_ASYNCHDNS
LogInit:      CURL_VERSION_LARGEFILE
LogInit:      CURL_VERSION_IDN
LogInit:  CurlRequestOptions (configurable via config and command line):
LogInit:  - bVerifyPeer = false  - Libcurl will NOT verify peer certificate
LogInit:  - bUseHttpProxy = false  - Libcurl will NOT use HTTP proxy
LogInit:  - bDontReuseConnections = false  - Libcurl will reuse connections
LogInit:  - CertBundlePath = nullptr  - Libcurl will use whatever was configured at build time.
LogInit: Build: ++UE4+Release-4.15-CL-3416026
LogInit: Engine Version: 4.15.2-3416026+++UE4+Release-4.15
LogInit: Compatible Engine Version: 4.15.0-3299760+++UE4+Release-4.15
LogInit: Net CL: 3299760
LogDevObjectVersion: Number of dev versions registered: 14
LogDevObjectVersion:   Dev-Blueprints (B0D832E4-1F89-4F0D-ACCF-7EB736FD4AA2): 8
LogDevObjectVersion:   Dev-Build (E1C64328-A22C-4D53-A36C-8E866417BD8C): 0
LogDevObjectVersion:   Dev-Core (375EC13C-06E4-48FB-B500-84F0262A717E): 2
LogDevObjectVersion:   Dev-Editor (E4B068ED-F494-42E9-A231-DA0B2E46BB41): 14
LogDevObjectVersion:   Dev-Framework (CFFC743F-43B0-4480-9391-14DF171D2073): 22
LogDevObjectVersion:   Dev-Mobile (B02B49B5-BB20-44E9-A304-32B752E40360): 0
LogDevObjectVersion:   Dev-Networking (A4E4105C-59A1-49B5-A7C5-40C4547EDFEE): 0
LogDevObjectVersion:   Dev-Online (39C831C9-5AE6-47DC-9A44-9C173E1C8E7C): 0
LogDevObjectVersion:   Dev-Physics (78F01B33-EBEA-4F98-B9B4-84EACCB95AA2): 0
LogDevObjectVersion:   Dev-Platform (6631380F-2D4D-43E0-8009-CF276956A95A): 0
LogDevObjectVersion:   Dev-Rendering (12F88B9F-8875-4AFC-A67C-D90C383ABD29): 12
LogDevObjectVersion:   Dev-Sequencer (7B5AE74C-D270-4C10-A958-57980B212A5A): 3
LogDevObjectVersion:   Dev-VR (D7296918-1DD6-4BDD-9DE2-64A83CC13884): 0
LogDevObjectVersion:   Dev-LoadTimes (C2A15278-BFE7-4AFE-6C17-90FF531DF755): 1
LogInit: Compiled (64-bit): May  1 2017 13:11:28
LogInit: Compiled with Visual C++: 19.00.23026.00
LogInit: Build Configuration: Development
LogInit: Branch Name: ++UE4+Release-4.15
LogInit: Command line: 
LogInit: Base directory: D:/Program Files/Epic Games/UE_4.15/Engine/Binaries/Win64/
LogInit: Installed Engine Build: 1
LogInit: Presizing for max 8388607 objects, including 0 objects not considered by GC, pre-allocating 0 bytes for permanent pool.
LogInit: Object subsystem initialized
[2017.05.22-21.09.50:750][  0]LogInit: Selected Device Profile: [Windows]
[2017.05.22-21.09.50:750][  0]LogInit: Applying CVar settings loaded from the selected device profile: [Windows]
[2017.05.22-21.09.50:770][  0]LogInit: Computer: DESKTOP-G4ASOP6
[2017.05.22-21.09.50:770][  0]LogInit: User: User
[2017.05.22-21.09.50:770][  0]LogInit: CPU Page size=65536, Cores=2
[2017.05.22-21.09.50:770][  0]LogInit: High frequency timer resolution =2.533202 MHz
[2017.05.22-21.09.50:770][  0]LogMemory: Memory total: Physical=15.9GB (16GB approx)
[2017.05.22-21.09.50:770][  0]LogMemory: Platform Memory Stats for Windows
[2017.05.22-21.09.50:770][  0]LogMemory: Process Physical Memory: 261.83 MB used, 261.83 MB peak
[2017.05.22-21.09.50:770][  0]LogMemory: Process Virtual Memory: 262.40 MB used, 262.40 MB peak
[2017.05.22-21.09.50:770][  0]LogMemory: Physical Memory: 8397.18 MB used,  7896.74 MB free, 16293.92 MB total
[2017.05.22-21.09.50:770][  0]LogMemory: Virtual Memory: 643.09 MB used,  7896.74 MB free, 134217728.00 MB total
[2017.05.22-21.09.50:880][  0]LogTextLocalizationManager: No specific translations for ('en-US') exist, so ('en') translations will be used.
[2017.05.22-21.09.51:955][  0]LogD3D11RHI: D3D11 adapters:
[2017.05.22-21.09.52:007][  0]LogD3D11RHI:    0. 'NVIDIA GeForce GTX 750 Ti' (Feature Level 11_0)
[2017.05.22-21.09.52:007][  0]LogD3D11RHI:       2019/0/8146 MB DedicatedVideo/DedicatedSystem/SharedSystem, Outputs:1, VendorId:0x10de
[2017.05.22-21.09.52:014][  0]LogD3D11RHI:    1. 'Intel(R) HD Graphics Family' (Feature Level 11_0)
[2017.05.22-21.09.52:014][  0]LogD3D11RHI:       112/0/2048 MB DedicatedVideo/DedicatedSystem/SharedSystem, Outputs:1, VendorId:0x8086
[2017.05.22-21.09.52:016][  0]LogD3D11RHI:    2. 'Microsoft Basic Render Driver' (Feature Level 11_0)
[2017.05.22-21.09.52:016][  0]LogD3D11RHI:       0/0/8146 MB DedicatedVideo/DedicatedSystem/SharedSystem, Outputs:0, VendorId:0x1414
[2017.05.22-21.09.52:017][  0]LogD3D11RHI:    3. 'Microsoft Basic Render Driver' (Feature Level 11_0)
[2017.05.22-21.09.52:017][  0]LogD3D11RHI:       0/0/8146 MB DedicatedVideo/DedicatedSystem/SharedSystem, Outputs:0, VendorId:0x1414
[2017.05.22-21.09.52:017][  0]LogD3D11RHI: Chosen D3D11 Adapter: 0
[2017.05.22-21.09.52:025][  0]LogD3D11RHI: Creating new Direct3DDevice
[2017.05.22-21.09.52:025][  0]LogD3D11RHI:     GPU DeviceId: 0x1392 (for the marketing name, search the web for "GPU Device Id")
[2017.05.22-21.09.52:025][  0]LogWindows: EnumDisplayDevices:
[2017.05.22-21.09.52:025][  0]LogWindows:    0. 'Intel(R) HD Graphics Family' (P:1 D:1)
[2017.05.22-21.09.52:026][  0]LogWindows:    1. 'Intel(R) HD Graphics Family' (P:0 D:0)
[2017.05.22-21.09.52:026][  0]LogWindows:    2. 'Intel(R) HD Graphics Family' (P:0 D:0)
[2017.05.22-21.09.52:026][  0]LogWindows:    3. 'DisplayLink USB Device' (P:0 D:1)
[2017.05.22-21.09.52:026][  0]LogWindows: DebugString: PrimaryIsNotTheChoosenAdapter PrimaryIsNotTheChoosenAdapter PrimaryIsNotTheChoosenAdapter GetVideoDriverDetailsInvalid PrimaryIsNotTheChoosenAdapter FoundDriverCount:0 
[2017.05.22-21.09.52:026][  0]LogD3D11RHI:     Adapter Name: NVIDIA GeForce GTX 750 Ti
[2017.05.22-21.09.52:026][  0]LogD3D11RHI:   Driver Version: Unknown (internal:Unknown, unified:Unknown)
[2017.05.22-21.09.52:026][  0]LogD3D11RHI:      Driver Date: Unknown
[2017.05.22-21.09.52:026][  0]LogRHI: Texture pool is 1361 MB (70% of 1945 MB)
[2017.05.22-21.09.52:061][  0]LogD3D11RHI: [Aftermath] Aftermath enabled and primed
[2017.05.22-21.09.52:061][  0]LogD3D11RHI: Async texture creation enabled
[2017.05.22-21.09.52:078][  0]LogD3D11RHI: GPU Timing Frequency: 1000.000000 (Debug: 2 2)
[2017.05.22-21.09.52:080][  0]LogShaderCompilers: Guid format shader working directory is -6 characters bigger than the processId version (../../../../../../UnrealProjects/CharacterMechanics/Intermediate/Shaders/WorkingDirectory/7604/).
[2017.05.22-21.09.52:080][  0]LogShaderCompilers: Cleaned the shader compiler working directory 'C:/Users/User/AppData/Local/Temp/UnrealShaderWorkingDir/B3B699294FCA2053529E95A01AF5D082/'.
[2017.05.22-21.09.52:080][  0]LogShaderCompilers:Display: Using Local Shader Compiler.
[2017.05.22-21.09.53:919][  0]LogTemp:Display: Loaded TP AllDesktopTargetPlatform
[2017.05.22-21.09.53:989][  0]LogTemp:Display: Loaded TP MacClientTargetPlatform
[2017.05.22-21.09.54:059][  0]LogTemp:Display: Loaded TP MacNoEditorTargetPlatform
[2017.05.22-21.09.54:129][  0]LogTemp:Display: Loaded TP MacServerTargetPlatform
[2017.05.22-21.09.54:202][  0]LogTemp:Display: Loaded TP MacTargetPlatform
[2017.05.22-21.09.54:264][  0]LogTemp:Display: Loaded TP WindowsClientTargetPlatform
[2017.05.22-21.09.54:337][  0]LogTemp:Display: Loaded TP WindowsNoEditorTargetPlatform
[2017.05.22-21.09.54:415][  0]LogTemp:Display: Loaded TP WindowsServerTargetPlatform
[2017.05.22-21.09.54:466][  0]LogTemp:Display: Loaded TP WindowsTargetPlatform
[2017.05.22-21.09.54:543][  0]LogTemp:Display: Loaded TP AndroidTargetPlatform
[2017.05.22-21.09.54:624][  0]LogTemp:Display: Loaded TP Android_ASTCTargetPlatform
[2017.05.22-21.09.54:716][  0]LogTemp:Display: Loaded TP Android_ATCTargetPlatform
[2017.05.22-21.09.54:802][  0]LogTemp:Display: Loaded TP Android_DXTTargetPlatform
[2017.05.22-21.09.54:876][  0]LogTemp:Display: Loaded TP Android_ETC1TargetPlatform
[2017.05.22-21.09.54:944][  0]LogTemp:Display: Loaded TP Android_ETC2TargetPlatform
[2017.05.22-21.09.55:082][  0]LogTemp:Display: Loaded TP Android_MultiTargetPlatform
[2017.05.22-21.09.55:082][  0]LogTemp:Display: Loaded TP Android_PVRTCTargetPlatform
[2017.05.22-21.09.55:126][  0]LogTemp:Display: Loaded TP HTML5TargetPlatform
[2017.05.22-21.09.55:238][  0]LogTemp:Display: Loaded TP IOSTargetPlatform
[2017.05.22-21.09.55:295][  0]LogTemp:Display: Loaded TP TVOSTargetPlatform
[2017.05.22-21.09.55:384][  0]LogTemp:Display: Loaded TP LinuxClientTargetPlatform
[2017.05.22-21.09.55:462][  0]LogTemp:Display: Loaded TP LinuxNoEditorTargetPlatform
[2017.05.22-21.09.55:550][  0]LogTemp:Display: Loaded TP LinuxServerTargetPlatform
[2017.05.22-21.09.55:626][  0]LogTemp:Display: Loaded TP LinuxTargetPlatform
[2017.05.22-21.09.55:626][  0]LogTargetPlatformManager:Display: Building Assets For Windows
[2017.05.22-21.09.56:241][  0]LogDerivedDataCache:Display: Max Cache Size: 512 MB
[2017.05.22-21.09.56:318][  0]LogDerivedDataCache: Loaded boot cache 0.08s 50MB C:/Users/User/AppData/Local/UnrealEngine/4.15/DerivedDataCache/Boot.ddc.
[2017.05.22-21.09.56:319][  0]LogDerivedDataCache:Display: Loaded Boot cache: C:/Users/User/AppData/Local/UnrealEngine/4.15/DerivedDataCache/Boot.ddc
[2017.05.22-21.09.56:319][  0]LogDerivedDataCache: FDerivedDataBackendGraph:  Pak pak cache file ../../../../../../UnrealProjects/CharacterMechanics/DerivedDataCache/DDC.ddp not found, will not use a pak cache.
[2017.05.22-21.09.56:319][  0]LogDerivedDataCache: Unable to find inner node Pak for hierarchical cache Hierarchy.
[2017.05.22-21.09.56:319][  0]LogDerivedDataCache: FDerivedDataBackendGraph:  CompressedPak pak cache file ../../../../../../UnrealProjects/CharacterMechanics/DerivedDataCache/Compressed.ddp not found, will not use a pak cache.
[2017.05.22-21.09.56:319][  0]LogDerivedDataCache: Unable to find inner node CompressedPak for hierarchical cache Hierarchy.
[2017.05.22-21.09.56:358][  0]LogDerivedDataCache:Display: Pak cache opened for reading ../../../Engine/DerivedDataCache/Compressed.ddp.
[2017.05.22-21.09.56:371][  0]LogDerivedDataCache: Using Local data cache path C:/Users/User/AppData/Local/UnrealEngine/Common/DerivedDataCache: Writable
[2017.05.22-21.09.56:388][  0]LogSlate: Using Freetype 2.6.0
[2017.05.22-21.09.56:389][  0]LogSlate: SlateFontCache - WITH_FREETYPE: 1, WITH_HARFBUZZ: 1
[2017.05.22-21.09.56:389][  0]LogSlate: SlateFontCache - WITH_FREETYPE: 1, WITH_HARFBUZZ: 1
[2017.05.22-21.09.56:903][  0]LogInit: Selected Device Profile: [Windows]
[2017.05.22-21.09.56:908][  0]LogContentStreaming: Texture pool size is 0.00 MB
[2017.05.22-21.09.57:282][  0]LogMeshUtilities: Using QuadricMeshReduction for automatic static mesh reduction
[2017.05.22-21.09.57:359][  0]LogSimplygon: Simplygon DLL not present - disabling.
[2017.05.22-21.09.57:431][  0]LogMeshUtilities: Using SimplygonSwarm for distributed automatic mesh merging
[2017.05.22-21.09.57:431][  0]LogMeshUtilities: No automatic skeletal mesh reduction module available
[2017.05.22-21.09.57:431][  0]LogMeshUtilities: No automatic mesh merging module available
[2017.05.22-21.09.58:405][  0]LogNetVersion: GetLocalNetworkVersion: CL: 3299760, ProjectName: charactermechanics, ProjectVersion: , EngineNetworkVersion: 2, GameNetworkVersion: 0, NetworkChecksum: 3227079887
[2017.05.22-21.09.58:462][  0]LogAssetRegistry: FAssetRegistry took 0.0219 seconds to start up
[2017.05.22-21.09.58:545][  0]LogPackageLocalizationCache: Processed 3 localized package path(s) for 2 prioritized culture(s) in 0.050857 seconds
[2017.05.22-21.09.58:555][  0]LogUObjectArray: 32493 objects as part of root set at end of initial load.
[2017.05.22-21.09.58:555][  0]LogUObjectAllocator: 7077024 out of 0 bytes used by permanent object pool.
[2017.05.22-21.09.58:555][  0]LogUObjectArray: CloseDisregardForGC: 0/0 objects in disregard for GC pool
[2017.05.22-21.09.58:647][  0]LogInit: WinSock: version 1.1 (2.2), MaxSocks=32767, MaxUdp=65467
[2017.05.22-21.10.00:911][  0]LogTcpMessaging: Initializing TcpMessaging bridge
[2017.05.22-21.10.00:982][  0]LogUdpMessaging: Initializing bridge on interface 0.0.0.0:0 to multicast group 230.0.0.1:6666.
[2017.05.22-21.10.01:674][  0]LogMaterial: Uniform references updated for custom material expression Custom.
[2017.05.22-21.10.02:244][  0]SourceControl: Info Source control is disabled
[2017.05.22-21.10.05:059][  0]LogEngine: Initializing Engine...
[2017.05.22-21.10.05:060][  0]LogHMD: Failed to initialize OpenVR with code 110
[2017.05.22-21.10.05:282][  0]LogStats: UGameplayTagsManager::ConstructGameplayTagTree: Construct from data asset -  0.000 s
[2017.05.22-21.10.05:282][  0]LogStats: UGameplayTagsManager::ConstructGameplayTagTree: GameplayTagTreeChangedEvent.Broadcast -  0.000 s
[2017.05.22-21.10.05:478][  0]LogAIModule: Creating AISystem for world Untitled
[2017.05.22-21.10.05:491][  0]LogInit: XAudio2 using 'Speakers (Realtek High Definition Audio)' : 2 channels at 48 kHz using 32 bits per sample (channel mask 0x3)
[2017.05.22-21.10.05:501][  0]LogInit: FAudioDevice initialized.
[2017.05.22-21.10.05:551][  0]LogDerivedDataCache: Saved boot cache 0.05s 50MB C:/Users/User/AppData/Local/UnrealEngine/4.15/DerivedDataCache/Boot.ddc.
[2017.05.22-21.10.05:561][  0]LogInit: Texture streaming: Enabled
[2017.05.22-21.10.05:712][  0]LogEngineSessionManager: EngineSessionManager initialized
[2017.05.22-21.10.05:859][  0]LogInit: Transaction tracking system initialized
[2017.05.22-21.10.06:409][  0]BlueprintLog: New page: Editor Load
[2017.05.22-21.10.07:737][  0]LocalizationService: Info Localization service is disabled
[2017.05.22-21.10.08:618][  0]LogConsoleResponse:Display: 
[2017.05.22-21.10.08:833][  0]LogCook:Display: Max memory allowance for cook 16384mb min free memory 0mb
[2017.05.22-21.10.08:833][  0]LogCook:Display: Mobile HDR setting 1
[2017.05.22-21.10.09:003][  0]LogFileCache: Scanning file cache for directory 'D:/UnrealProjects/CharacterMechanics/Content/' took 0.02s
[2017.05.22-21.10.10:452][  0]Cmd: MAP LOAD FILE="../../../../../../UnrealProjects/CharacterMechanics/Content/ThirdPersonBP/Maps/TestLevel.umap" TEMPLATE=0 SHOWPROGRESS=1 FEATURELEVEL=3
[2017.05.22-21.10.10:453][  0]LightingResults: New page: Lighting Build
[2017.05.22-21.10.10:518][  0]MapCheck: New page: Map Check
[2017.05.22-21.10.10:518][  0]LightingResults: New page: Lighting Build
[2017.05.22-21.10.13:203][  0]LogAIModule: Creating AISystem for world TestLevel
[2017.05.22-21.10.13:327][  0]LogEditorServer: Finished looking for orphan Actors (0.000 secs)
[2017.05.22-21.10.13:327][  0]Cmd: MAP CHECKDEP NOCLEARLOG
[2017.05.22-21.10.13:434][  0]MapCheck: Info Map check complete: 0 Error(s), 0 Warning(s), took 106.764ms to complete.
[2017.05.22-21.10.13:434][  0]LogFileHelpers: Loading map 'TestLevel' took 2.982
[2017.05.22-21.10.13:592][  0]LogWindowsTextInputMethodSystem:Display: IME system now activated using TSF (Microsoft Bopomofo).
[2017.05.22-21.10.13:922][  0]LogCollectionManager: Loaded 0 collections in 0.001032 seconds
[2017.05.22-21.10.14:015][  0]LogFileCache: Scanning file cache for directory 'D:/UnrealProjects/CharacterMechanics/Saved/Collections/' took 0.01s
[2017.05.22-21.10.14:015][  0]LogFileCache: Scanning file cache for directory 'D:/UnrealProjects/CharacterMechanics/Content/Developers/User/Collections/' took 0.01s
[2017.05.22-21.10.14:015][  0]LogFileCache: Scanning file cache for directory 'D:/UnrealProjects/CharacterMechanics/Content/Collections/' took 0.01s
[2017.05.22-21.10.14:015][  0]LogCollectionManager: Rebuilt the GUID cache for 0 collections in 0.000002 seconds
[2017.05.22-21.10.14:031][  0]LogContentBrowser: Native class hierarchy populated in 0.0159 seconds. Added 2245 classes and 453 folders.
[2017.05.22-21.10.14:119][  0]LogContentBrowser: Native class hierarchy updated for 'WidgetCarousel' in 0.0009 seconds. Added 0 classes and 0 folders.
[2017.05.22-21.10.15:372][  0]LogContentBrowser: Native class hierarchy updated for 'AddContentDialog' in 0.0008 seconds. Added 0 classes and 0 folders.
[2017.05.22-21.10.15:422][  0]LogContentBrowser: Native class hierarchy updated for 'SceneOutliner' in 0.0006 seconds. Added 1 classes and 2 folders.
[2017.05.22-21.10.15:729][  0]LogCrashTracker: Crashtracker disabled due to settings.
[2017.05.22-21.10.15:745][  0]LogUObjectGlobals:Warning: Failed to find object 'Class None.'
[2017.05.22-21.10.15:859][  0]LogContentBrowser: Native class hierarchy updated for 'HierarchicalLODOutliner' in 0.0010 seconds. Added 1 classes and 2 folders.
[2017.05.22-21.10.15:859][  0]LogLoad: (Engine Initialization) Total time: 28.33 seconds
[2017.05.22-21.10.15:859][  0]LogLoad: (Engine Initialization) Total Blueprint compile time: 0.44 seconds
[2017.05.22-21.10.15:859][  0]LogExternalProfiler: No external profilers were discovered.  External profiling features will not be available.
[2017.05.22-21.10.15:870][  0]LogOcInput: OculusInput pre-init called
[2017.05.22-21.10.15:894][  0]SourceControl: Info On branch master
[2017.05.22-21.10.15:894][  0]SourceControl: Info Your branch is up-to-date with 'origin/master'.
[2017.05.22-21.10.15:894][  0]SourceControl: Info Changes not staged for commit:
[2017.05.22-21.10.15:894][  0]SourceControl: Info   (use "git add <file>..." to update what will be committed)
[2017.05.22-21.10.15:894][  0]SourceControl: Info   (use "git checkout -- <file>..." to discard changes in working directory)
[2017.05.22-21.10.15:894][  0]SourceControl: Info 	modified:   Saved/Config/Windows/Editor.ini
[2017.05.22-21.10.15:894][  0]SourceControl: Info 	modified:   Saved/Logs/CharacterMechanics.log
[2017.05.22-21.10.15:894][  0]SourceControl: Info Untracked files:
[2017.05.22-21.10.15:894][  0]SourceControl: Info   (use "git add <file>..." to include in what will be committed)
[2017.05.22-21.10.15:894][  0]SourceControl: Info 	Saved/Logs/CharacterMechanics-backup-2017.05.22-22.09.49.log
[2017.05.22-21.10.15:894][  0]SourceControl: Info 	Saved/Logs/UE4CC-Windows-6C74E6874C16A9A612C751AE9859C2F6/
[2017.05.22-21.10.15:894][  0]SourceControl: Info no changes added to commit (use "git add" and/or "git commit -a")
[2017.05.22-21.10.15:894][  0]LogContentStreaming: Texture pool size now 1000 MB
[2017.05.22-21.10.15:896][  0]LogSlate: Took 0.000341 seconds to synchronously load lazily loaded font '../../../Engine/Content/Slate/Fonts/Roboto-Regular.ttf' (155K)
[2017.05.22-21.10.15:904][  0]LogSlate: Took 0.000328 seconds to synchronously load lazily loaded font '../../../Engine/Content/Slate/Fonts/Roboto-Bold.ttf' (160K)
[2017.05.22-21.10.15:973][  0]LogSlate: Took 0.060157 seconds to synchronously load lazily loaded font '../../../Engine/Content/Editor/Slate/Fonts/FontAwesome.ttf' (139K)
[2017.05.22-21.10.16:181][  0]LogSlate: Took 0.000221 seconds to synchronously load lazily loaded font '../../../Engine/Content/Slate/Fonts/Roboto-Light.ttf' (159K)
[2017.05.22-21.10.16:246][  0]LogRenderer: Reallocating scene render targets to support 1208x576 NumSamples 1 (Frame:2).
[2017.05.22-21.10.16:935][ 20]LogSlate: Took 0.000253 seconds to synchronously load lazily loaded font '../../../Engine/Content/Slate/Fonts/Roboto-Light.ttf' (159K)
[2017.05.22-21.10.22:383][389]LogAssetRegistry: Asset discovery search completed in 23.9428 seconds
[2017.05.22-21.10.22:383][389]LogCollectionManager: Rebuilt the object cache for 0 collections in 0.000009 seconds (found 0 objects)
[2017.05.22-21.10.22:383][389]LogCollectionManager: Fixed up redirectors for 0 collections in 0.000033 seconds (updated 0 objects)
[2017.05.22-21.10.47:118][174]LogTemp: Repeting last play command: Selected Viewport
[2017.05.22-21.10.47:142][174]LogBlueprintUserMessages: Early PlayInEditor Detection: Level '/Game/ThirdPersonBP/Maps/TestLevel.TestLevel:PersistentLevel' has LevelScriptBlueprint '/Game/ThirdPersonBP/Maps/TestLevel.TestLevel:PersistentLevel.TestLevel' with GeneratedClass '/Game/ThirdPersonBP/Maps/TestLevel.TestLevel_C' with ClassGeneratedBy '/Game/ThirdPersonBP/Maps/TestLevel.TestLevel:PersistentLevel.TestLevel'
[2017.05.22-21.10.47:142][174]LogPlayLevel: PlayLevel: No blueprints needed recompiling
[2017.05.22-21.10.47:143][174]PIE: New page: PIE session: TestLevel (May 22, 2017, 11:10:47 PM)
[2017.05.22-21.10.47:143][174]LogPlayLevel: Creating play world package: /Game/ThirdPersonBP/Maps/UEDPIE_0_TestLevel
[2017.05.22-21.10.47:178][174]LogPlayLevel: PIE: StaticDuplicateObject took: (0.034659s)
[2017.05.22-21.10.47:179][174]LogAIModule: Creating AISystem for world TestLevel
[2017.05.22-21.10.47:180][174]LogPlayLevel: PIE: World Init took: (0.002183s)
[2017.05.22-21.10.47:181][174]LogPlayLevel: PIE: Created PIE world by copying editor world from /Game/ThirdPersonBP/Maps/TestLevel.TestLevel to /Game/ThirdPersonBP/Maps/UEDPIE_0_TestLevel.TestLevel (0.037434s)
[2017.05.22-21.10.47:227][174]LogInit: XAudio2 using 'Speakers (Realtek High Definition Audio)' : 2 channels at 48 kHz using 32 bits per sample (channel mask 0x3)
[2017.05.22-21.10.47:234][174]LogInit: FAudioDevice initialized.
[2017.05.22-21.10.47:291][174]LogLoad: Game class is 'ThirdPersonGameMode_C'
[2017.05.22-21.10.47:295][174]LogWorld: Bringing World /Game/ThirdPersonBP/Maps/UEDPIE_0_TestLevel.TestLevel up for play (max tick rate 0) at 2017.05.22-22.10.47
[2017.05.22-21.10.47:329][174]LogWorld: Bringing up level for play took: 0.037592
[2017.05.22-21.10.47:388][174]LogContentBrowser: Native class hierarchy updated for 'MovieSceneCapture' in 0.0011 seconds. Added 11 classes and 0 folders.
[2017.05.22-21.10.47:391][174]PIE: Info Play in editor start time for /Game/ThirdPersonBP/Maps/UEDPIE_0_TestLevel 0.099
[2017.05.22-21.10.47:391][174]LogBlueprintUserMessages: Late PlayInEditor Detection: Level '/Game/ThirdPersonBP/Maps/TestLevel.TestLevel:PersistentLevel' has LevelScriptBlueprint '/Game/ThirdPersonBP/Maps/TestLevel.TestLevel:PersistentLevel.TestLevel' with GeneratedClass '/Game/ThirdPersonBP/Maps/TestLevel.TestLevel_C' with ClassGeneratedBy '/Game/ThirdPersonBP/Maps/TestLevel.TestLevel:PersistentLevel.TestLevel'
[2017.05.22-21.10.53:255][636]PIE:Warning: Warning Mobility of Cylinder2 : StaticMeshComponent0 has to be 'Movable' if you'd like to GetMass. 
[2017.05.22-21.10.54:226][718]PIE:Warning: Warning Mobility of Cylinder2 : StaticMeshComponent0 has to be 'Movable' if you'd like to AddImpulse. 
[2017.05.22-21.10.54:499][741]PIE:Warning: Warning Mobility of Cylinder2 : StaticMeshComponent0 has to be 'Movable' if you'd like to GetMass. 
[2017.05.22-21.10.54:641][753]PIE:Warning: Warning Mobility of Cylinder2 : StaticMeshComponent0 has to be 'Movable' if you'd like to AddImpulse. 
[2017.05.22-21.10.54:800][766]PIE:Warning: Warning Mobility of Cylinder2 : StaticMeshComponent0 has to be 'Movable' if you'd like to GetMass. 
[2017.05.22-21.10.55:017][784]PIE:Warning: Warning Mobility of Cylinder2 : StaticMeshComponent0 has to be 'Movable' if you'd like to AddImpulse. 
[2017.05.22-21.10.55:211][800]PIE:Warning: Warning Mobility of Cylinder2 : StaticMeshComponent0 has to be 'Movable' if you'd like to GetMass. 
[2017.05.22-21.10.55:311][808]PIE:Warning: Warning Mobility of Cylinder2 : StaticMeshComponent0 has to be 'Movable' if you'd like to AddImpulse. 
[2017.05.22-21.10.55:393][815]PIE:Warning: Warning Mobility of Cylinder2 : StaticMeshComponent0 has to be 'Movable' if you'd like to GetMass. 
[2017.05.22-21.10.55:476][822]PIE:Warning: Warning Mobility of Cylinder2 : StaticMeshComponent0 has to be 'Movable' if you'd like to AddImpulse. 
[2017.05.22-21.10.55:732][843]PIE:Warning: Warning Mobility of Cylinder2 : StaticMeshComponent0 has to be 'Movable' if you'd like to GetMass. 
[2017.05.22-21.10.55:927][860]PIE:Warning: Warning Mobility of Cylinder2 : StaticMeshComponent0 has to be 'Movable' if you'd like to AddImpulse. 
[2017.05.22-21.11.22:878][ 63]LogScript:Warning: Accessed None trying to read property CallFunc_BreakHitResult_HitComponent2
	ThirdPersonCharacter_C /Game/ThirdPersonBP/Maps/UEDPIE_0_TestLevel.TestLevel:PersistentLevel.ThirdPersonCharacter_167
	Function /Game/ThirdPersonBP/Blueprints/ThirdPersonCharacter.ThirdPersonCharacter_C:ExecuteUbergraph_ThirdPersonCharacter:0D39
[2017.05.22-21.11.22:878][ 63]PIE:Error: Error Blueprint Runtime Error: Accessed None trying to read property CallFunc_BreakHitResult_HitComponent2 from function: 'ExecuteUbergraph_ThirdPersonCharacter' from node: Add Impulse in graph: EventGraph in object: ThirdPersonCharacter with description: Accessed None trying to read property CallFunc_BreakHitResult_HitComponent2
[2017.05.22-21.11.22:878][ 63]LogScript:Warning: Accessed None trying to read property CallFunc_BreakHitResult_HitComponent2
	ThirdPersonCharacter_C /Game/ThirdPersonBP/Maps/UEDPIE_0_TestLevel.TestLevel:PersistentLevel.ThirdPersonCharacter_167
	Function /Game/ThirdPersonBP/Blueprints/ThirdPersonCharacter.ThirdPersonCharacter_C:ExecuteUbergraph_ThirdPersonCharacter:0E26
[2017.05.22-21.11.22:878][ 63]PIE:Error: Error Blueprint Runtime Error: Accessed None trying to read property CallFunc_BreakHitResult_HitComponent2 from function: 'ExecuteUbergraph_ThirdPersonCharacter' from node: Set Collision Response to Channel in graph: EventGraph in object: ThirdPersonCharacter with description: Accessed None trying to read property CallFunc_BreakHitResult_HitComponent2
[2017.05.22-21.11.43:467][745]LogScript:Warning: Accessed None trying to read property CallFunc_BreakHitResult_HitComponent2
	ThirdPersonCharacter_C /Game/ThirdPersonBP/Maps/UEDPIE_0_TestLevel.TestLevel:PersistentLevel.ThirdPersonCharacter_167
	Function /Game/ThirdPersonBP/Blueprints/ThirdPersonCharacter.ThirdPersonCharacter_C:ExecuteUbergraph_ThirdPersonCharacter:0D39
[2017.05.22-21.11.43:467][745]PIE:Error: Error Blueprint Runtime Error: Accessed None trying to read property CallFunc_BreakHitResult_HitComponent2 from function: 'ExecuteUbergraph_ThirdPersonCharacter' from node: Add Impulse in graph: EventGraph in object: ThirdPersonCharacter with description: Accessed None trying to read property CallFunc_BreakHitResult_HitComponent2
[2017.05.22-21.11.43:467][745]LogScript:Warning: Accessed None trying to read property CallFunc_BreakHitResult_HitComponent2
	ThirdPersonCharacter_C /Game/ThirdPersonBP/Maps/UEDPIE_0_TestLevel.TestLevel:PersistentLevel.ThirdPersonCharacter_167
	Function /Game/ThirdPersonBP/Blueprints/ThirdPersonCharacter.ThirdPersonCharacter_C:ExecuteUbergraph_ThirdPersonCharacter:0E26
[2017.05.22-21.11.43:467][745]PIE:Error: Error Blueprint Runtime Error: Accessed None trying to read property CallFunc_BreakHitResult_HitComponent2 from function: 'ExecuteUbergraph_ThirdPersonCharacter' from node: Set Collision Response to Channel in graph: EventGraph in object: ThirdPersonCharacter with description: Accessed None trying to read property CallFunc_BreakHitResult_HitComponent2
[2017.05.22-21.12.19:460][679]LogBlueprintUserMessages: Early EndPlayMap Detection: Level '/Game/ThirdPersonBP/Maps/TestLevel.TestLevel:PersistentLevel' has LevelScriptBlueprint '/Game/ThirdPersonBP/Maps/TestLevel.TestLevel:PersistentLevel.TestLevel' with GeneratedClass '/Game/ThirdPersonBP/Maps/TestLevel.TestLevel_C' with ClassGeneratedBy '/Game/ThirdPersonBP/Maps/TestLevel.TestLevel:PersistentLevel.TestLevel'
[2017.05.22-21.12.19:503][679]LogBlueprintUserMessages: Late EndPlayMap Detection: Level '/Game/ThirdPersonBP/Maps/TestLevel.TestLevel:PersistentLevel' has LevelScriptBlueprint '/Game/ThirdPersonBP/Maps/TestLevel.TestLevel:PersistentLevel.TestLevel' with GeneratedClass '/Game/ThirdPersonBP/Maps/TestLevel.TestLevel_C' with ClassGeneratedBy '/Game/ThirdPersonBP/Maps/TestLevel.TestLevel:PersistentLevel.TestLevel'
[2017.05.22-21.12.20:710][756]LogTemp: Repeting last play command: Selected Viewport
[2017.05.22-21.12.20:753][756]LogBlueprintUserMessages: Early PlayInEditor Detection: Level '/Game/ThirdPersonBP/Maps/TestLevel.TestLevel:PersistentLevel' has LevelScriptBlueprint '/Game/ThirdPersonBP/Maps/TestLevel.TestLevel:PersistentLevel.TestLevel' with GeneratedClass '/Game/ThirdPersonBP/Maps/TestLevel.TestLevel_C' with ClassGeneratedBy '/Game/ThirdPersonBP/Maps/TestLevel.TestLevel:PersistentLevel.TestLevel'
[2017.05.22-21.12.20:753][756]LogPlayLevel: PlayLevel: No blueprints needed recompiling
[2017.05.22-21.12.20:753][756]PIE: New page: PIE session: TestLevel (May 22, 2017, 11:12:20 PM)
[2017.05.22-21.12.20:753][756]LogPlayLevel: Creating play world package: /Game/ThirdPersonBP/Maps/UEDPIE_0_TestLevel
[2017.05.22-21.12.20:789][756]LogPlayLevel: PIE: StaticDuplicateObject took: (0.035510s)
[2017.05.22-21.12.20:790][756]LogAIModule: Creating AISystem for world TestLevel
[2017.05.22-21.12.20:791][756]LogPlayLevel: PIE: World Init took: (0.001818s)
[2017.05.22-21.12.20:791][756]LogPlayLevel: PIE: Created PIE world by copying editor world from /Game/ThirdPersonBP/Maps/TestLevel.TestLevel to /Game/ThirdPersonBP/Maps/UEDPIE_0_TestLevel.TestLevel (0.037716s)
[2017.05.22-21.12.20:843][756]LogInit: XAudio2 using 'Speakers (Realtek High Definition Audio)' : 2 channels at 48 kHz using 32 bits per sample (channel mask 0x3)
[2017.05.22-21.12.20:851][756]LogInit: FAudioDevice initialized.
[2017.05.22-21.12.20:883][756]LogLoad: Game class is 'ThirdPersonGameMode_C'
[2017.05.22-21.12.20:886][756]LogWorld: Bringing World /Game/ThirdPersonBP/Maps/UEDPIE_0_TestLevel.TestLevel up for play (max tick rate 0) at 2017.05.22-22.12.20
[2017.05.22-21.12.20:887][756]LogWorld: Bringing up level for play took: 0.003463
[2017.05.22-21.12.20:889][756]PIE: Info Play in editor start time for /Game/ThirdPersonBP/Maps/UEDPIE_0_TestLevel -0.402
[2017.05.22-21.12.20:890][756]LogBlueprintUserMessages: Late PlayInEditor Detection: Level '/Game/ThirdPersonBP/Maps/TestLevel.TestLevel:PersistentLevel' has LevelScriptBlueprint '/Game/ThirdPersonBP/Maps/TestLevel.TestLevel:PersistentLevel.TestLevel' with GeneratedClass '/Game/ThirdPersonBP/Maps/TestLevel.TestLevel_C' with ClassGeneratedBy '/Game/ThirdPersonBP/Maps/TestLevel.TestLevel:PersistentLevel.TestLevel'
[2017.05.22-21.12.23:237][934]PIE:Warning: Warning Mobility of Floor_1 : StaticMeshComponent0 has to be 'Movable' if you'd like to GetMass. 
[2017.05.22-21.12.23:750][972]PIE:Warning: Warning Mobility of Floor_1 : StaticMeshComponent0 has to be 'Movable' if you'd like to AddImpulse. 
[2017.05.22-21.12.27:924][287]LogBlueprintUserMessages: Early EndPlayMap Detection: Level '/Game/ThirdPersonBP/Maps/TestLevel.TestLevel:PersistentLevel' has LevelScriptBlueprint '/Game/ThirdPersonBP/Maps/TestLevel.TestLevel:PersistentLevel.TestLevel' with GeneratedClass '/Game/ThirdPersonBP/Maps/TestLevel.TestLevel_C' with ClassGeneratedBy '/Game/ThirdPersonBP/Maps/TestLevel.TestLevel:PersistentLevel.TestLevel'
[2017.05.22-21.12.27:965][287]LogBlueprintUserMessages: Late EndPlayMap Detection: Level '/Game/ThirdPersonBP/Maps/TestLevel.TestLevel:PersistentLevel' has LevelScriptBlueprint '/Game/ThirdPersonBP/Maps/TestLevel.TestLevel:PersistentLevel.TestLevel' with GeneratedClass '/Game/ThirdPersonBP/Maps/TestLevel.TestLevel_C' with ClassGeneratedBy '/Game/ThirdPersonBP/Maps/TestLevel.TestLevel:PersistentLevel.TestLevel'
[2017.05.22-21.12.29:759][366]LogSlate: Took 0.000213 seconds to synchronously load lazily loaded font '../../../Engine/Content/Slate/Fonts/Roboto-Light.ttf' (159K)
[2017.05.22-21.12.30:365][366]LogSlate: Took 0.000203 seconds to synchronously load lazily loaded font '../../../Engine/Content/Slate/Fonts/Roboto-Regular.ttf' (155K)
[2017.05.22-21.12.30:477][366]LogContentBrowser: Native class hierarchy updated for 'BlueprintGraph' in 0.0011 seconds. Added 112 classes and 0 folders.
[2017.05.22-21.12.31:458][366]LogSlate: Took 0.041970 seconds to synchronously load lazily loaded font '../../../Engine/Content/Editor/Slate/Fonts/Roboto-BoldCondensed.ttf' (158K)
[2017.05.22-21.12.33:397][367]LogSlate: Took 0.014158 seconds to synchronously load lazily loaded font '../../../Engine/Content/Editor/Slate/Fonts/Roboto-Italic.ttf' (157K)
[2017.05.22-21.13.53:065][435]LogTemp: Repeting last play command: Selected Viewport
[2017.05.22-21.13.53:113][435]LogBlueprintUserMessages: Early PlayInEditor Detection: Level '/Game/ThirdPersonBP/Maps/TestLevel.TestLevel:PersistentLevel' has LevelScriptBlueprint '/Game/ThirdPersonBP/Maps/TestLevel.TestLevel:PersistentLevel.TestLevel' with GeneratedClass '/Game/ThirdPersonBP/Maps/TestLevel.TestLevel_C' with ClassGeneratedBy '/Game/ThirdPersonBP/Maps/TestLevel.TestLevel:PersistentLevel.TestLevel'
[2017.05.22-21.13.53:113][435]LogPlayLevel: PlayLevel: No blueprints needed recompiling
[2017.05.22-21.13.53:113][435]PIE: New page: PIE session: TestLevel (May 22, 2017, 11:13:53 PM)
[2017.05.22-21.13.53:113][435]LogPlayLevel: Creating play world package: /Game/ThirdPersonBP/Maps/UEDPIE_0_TestLevel
[2017.05.22-21.13.53:150][435]LogPlayLevel: PIE: StaticDuplicateObject took: (0.036135s)
[2017.05.22-21.13.53:151][435]LogAIModule: Creating AISystem for world TestLevel
[2017.05.22-21.13.53:151][435]LogPlayLevel: PIE: World Init took: (0.001629s)
[2017.05.22-21.13.53:152][435]LogPlayLevel: PIE: Created PIE world by copying editor world from /Game/ThirdPersonBP/Maps/TestLevel.TestLevel to /Game/ThirdPersonBP/Maps/UEDPIE_0_TestLevel.TestLevel (0.038155s)
[2017.05.22-21.13.53:261][435]LogInit: XAudio2 using 'Speakers (Realtek High Definition Audio)' : 2 channels at 48 kHz using 32 bits per sample (channel mask 0x3)
[2017.05.22-21.13.53:277][435]LogInit: FAudioDevice initialized.
[2017.05.22-21.13.53:311][435]LogLoad: Game class is 'ThirdPersonGameMode_C'
[2017.05.22-21.13.53:316][435]LogWorld: Bringing World /Game/ThirdPersonBP/Maps/UEDPIE_0_TestLevel.TestLevel up for play (max tick rate 0) at 2017.05.22-22.13.53
[2017.05.22-21.13.53:317][435]LogWorld: Bringing up level for play took: 0.005530
[2017.05.22-21.13.53:320][435]PIE: Info Play in editor start time for /Game/ThirdPersonBP/Maps/UEDPIE_0_TestLevel 0.029
[2017.05.22-21.13.53:320][435]LogBlueprintUserMessages: Late PlayInEditor Detection: Level '/Game/ThirdPersonBP/Maps/TestLevel.TestLevel:PersistentLevel' has LevelScriptBlueprint '/Game/ThirdPersonBP/Maps/TestLevel.TestLevel:PersistentLevel.TestLevel' with GeneratedClass '/Game/ThirdPersonBP/Maps/TestLevel.TestLevel_C' with ClassGeneratedBy '/Game/ThirdPersonBP/Maps/TestLevel.TestLevel:PersistentLevel.TestLevel'
[2017.05.22-21.13.54:806][532]PIE:Warning: Warning Mobility of Cylinder2 : StaticMeshComponent0 has to be 'Movable' if you'd like to GetMass. 
[2017.05.22-21.13.55:324][566]PIE:Warning: Warning Mobility of Cylinder2 : StaticMeshComponent0 has to be 'Movable' if you'd like to AddImpulse. 
[2017.05.22-21.14.25:070][916]LogScript:Warning: Accessed None trying to read property CallFunc_BreakHitResult_HitComponent2
	ThirdPersonCharacter_C /Game/ThirdPersonBP/Maps/UEDPIE_0_TestLevel.TestLevel:PersistentLevel.ThirdPersonCharacter_167
	Function /Game/ThirdPersonBP/Blueprints/ThirdPersonCharacter.ThirdPersonCharacter_C:ExecuteUbergraph_ThirdPersonCharacter:0D39
[2017.05.22-21.14.25:070][916]PIE:Error: Error Blueprint Runtime Error: Accessed None trying to read property CallFunc_BreakHitResult_HitComponent2 from function: 'ExecuteUbergraph_ThirdPersonCharacter' from node: Add Impulse in graph: EventGraph in object: ThirdPersonCharacter with description: Accessed None trying to read property CallFunc_BreakHitResult_HitComponent2
[2017.05.22-21.14.25:070][916]LogScript:Warning: Accessed None trying to read property CallFunc_BreakHitResult_HitComponent2
	ThirdPersonCharacter_C /Game/ThirdPersonBP/Maps/UEDPIE_0_TestLevel.TestLevel:PersistentLevel.ThirdPersonCharacter_167
	Function /Game/ThirdPersonBP/Blueprints/ThirdPersonCharacter.ThirdPersonCharacter_C:ExecuteUbergraph_ThirdPersonCharacter:0E26
[2017.05.22-21.14.25:070][916]PIE:Error: Error Blueprint Runtime Error: Accessed None trying to read property CallFunc_BreakHitResult_HitComponent2 from function: 'ExecuteUbergraph_ThirdPersonCharacter' from node: Set Collision Response to Channel in graph: EventGraph in object: ThirdPersonCharacter with description: Accessed None trying to read property CallFunc_BreakHitResult_HitComponent2
[2017.05.22-21.14.26:755][ 58]LogScript:Warning: Accessed None trying to read property CallFunc_BreakHitResult_HitComponent2
	ThirdPersonCharacter_C /Game/ThirdPersonBP/Maps/UEDPIE_0_TestLevel.TestLevel:PersistentLevel.ThirdPersonCharacter_167
	Function /Game/ThirdPersonBP/Blueprints/ThirdPersonCharacter.ThirdPersonCharacter_C:ExecuteUbergraph_ThirdPersonCharacter:0D39
[2017.05.22-21.14.26:756][ 58]PIE:Error: Error Blueprint Runtime Error: Accessed None trying to read property CallFunc_BreakHitResult_HitComponent2 from function: 'ExecuteUbergraph_ThirdPersonCharacter' from node: Add Impulse in graph: EventGraph in object: ThirdPersonCharacter with description: Accessed None trying to read property CallFunc_BreakHitResult_HitComponent2
[2017.05.22-21.14.26:756][ 58]LogScript:Warning: Accessed None trying to read property CallFunc_BreakHitResult_HitComponent2
	ThirdPersonCharacter_C /Game/ThirdPersonBP/Maps/UEDPIE_0_TestLevel.TestLevel:PersistentLevel.ThirdPersonCharacter_167
	Function /Game/ThirdPersonBP/Blueprints/ThirdPersonCharacter.ThirdPersonCharacter_C:ExecuteUbergraph_ThirdPersonCharacter:0E26
[2017.05.22-21.14.26:756][ 58]PIE:Error: Error Blueprint Runtime Error: Accessed None trying to read property CallFunc_BreakHitResult_HitComponent2 from function: 'ExecuteUbergraph_ThirdPersonCharacter' from node: Set Collision Response to Channel in graph: EventGraph in object: ThirdPersonCharacter with description: Accessed None trying to read property CallFunc_BreakHitResult_HitComponent2
[2017.05.22-21.14.30:110][339]PIE:Warning: Warning Mobility of Wall12 : StaticMeshComponent0 has to be 'Movable' if you'd like to GetMass. 
[2017.05.22-21.14.30:557][377]PIE:Warning: Warning Mobility of Wall12 : StaticMeshComponent0 has to be 'Movable' if you'd like to AddImpulse. 
[2017.05.22-21.14.30:730][391]PIE:Warning: Warning Mobility of Wall12 : StaticMeshComponent0 has to be 'Movable' if you'd like to GetMass. 
[2017.05.22-21.14.30:926][407]PIE:Warning: Warning Mobility of Wall12 : StaticMeshComponent0 has to be 'Movable' if you'd like to AddImpulse. 
[2017.05.22-21.15.08:199][403]PIE:Warning: Warning Mobility of Cylinder2 : StaticMeshComponent0 has to be 'Movable' if you'd like to GetMass. 
[2017.05.22-21.15.08:868][455]PIE:Warning: Warning Mobility of Cylinder2 : StaticMeshComponent0 has to be 'Movable' if you'd like to AddImpulse. 
[2017.05.22-21.15.17:388][113]LogScript:Warning: Accessed None trying to read property CallFunc_BreakHitResult_HitComponent2
	ThirdPersonCharacter_C /Game/ThirdPersonBP/Maps/UEDPIE_0_TestLevel.TestLevel:PersistentLevel.ThirdPersonCharacter_167
	Function /Game/ThirdPersonBP/Blueprints/ThirdPersonCharacter.ThirdPersonCharacter_C:ExecuteUbergraph_ThirdPersonCharacter:0D39
[2017.05.22-21.15.17:388][113]PIE:Error: Error Blueprint Runtime Error: Accessed None trying to read property CallFunc_BreakHitResult_HitComponent2 from function: 'ExecuteUbergraph_ThirdPersonCharacter' from node: Add Impulse in graph: EventGraph in object: ThirdPersonCharacter with description: Accessed None trying to read property CallFunc_BreakHitResult_HitComponent2
[2017.05.22-21.15.17:388][113]LogScript:Warning: Accessed None trying to read property CallFunc_BreakHitResult_HitComponent2
	ThirdPersonCharacter_C /Game/ThirdPersonBP/Maps/UEDPIE_0_TestLevel.TestLevel:PersistentLevel.ThirdPersonCharacter_167
	Function /Game/ThirdPersonBP/Blueprints/ThirdPersonCharacter.ThirdPersonCharacter_C:ExecuteUbergraph_ThirdPersonCharacter:0E26
[2017.05.22-21.15.17:388][113]PIE:Error: Error Blueprint Runtime Error: Accessed None trying to read property CallFunc_BreakHitResult_HitComponent2 from function: 'ExecuteUbergraph_ThirdPersonCharacter' from node: Set Collision Response to Channel in graph: EventGraph in object: ThirdPersonCharacter with description: Accessed None trying to read property CallFunc_BreakHitResult_HitComponent2
[2017.05.22-21.16.03:186][630]LogBlueprintUserMessages: Early EndPlayMap Detection: Level '/Game/ThirdPersonBP/Maps/TestLevel.TestLevel:PersistentLevel' has LevelScriptBlueprint '/Game/ThirdPersonBP/Maps/TestLevel.TestLevel:PersistentLevel.TestLevel' with GeneratedClass '/Game/ThirdPersonBP/Maps/TestLevel.TestLevel_C' with ClassGeneratedBy '/Game/ThirdPersonBP/Maps/TestLevel.TestLevel:PersistentLevel.TestLevel'
[2017.05.22-21.16.03:423][630]LogBlueprintUserMessages: Late EndPlayMap Detection: Level '/Game/ThirdPersonBP/Maps/TestLevel.TestLevel:PersistentLevel' has LevelScriptBlueprint '/Game/ThirdPersonBP/Maps/TestLevel.TestLevel:PersistentLevel.TestLevel' with GeneratedClass '/Game/ThirdPersonBP/Maps/TestLevel.TestLevel_C' with ClassGeneratedBy '/Game/ThirdPersonBP/Maps/TestLevel.TestLevel:PersistentLevel.TestLevel'
[2017.05.22-21.20.49:872][857]LogRenderer: Reallocating scene render targets to support 1208x744 NumSamples 1 (Frame:31470).
[2017.05.22-21.20.55:296][ 57]LogSlate: Took 0.002967 seconds to synchronously load lazily loaded font '../../../Engine/Content/Slate/Fonts/DroidSansFallback.ttf' (3848K)
[2017.05.22-21.20.57:488][150]LogWindowsTextInputMethodSystem:Display: IME system now deactivated.
[2017.05.22-21.20.57:488][150]LogWindowsTextInputMethodSystem:Display: IME system now deactivated.
[2017.05.22-21.21.00:440][270]LogSlate: Took 0.055597 seconds to synchronously load lazily loaded font '../../../Engine/Content/Editor/Slate/Fonts/Roboto-BoldCondensedItalic.ttf' (160K)
[2017.05.22-21.21.11:315][727]BlueprintLog: New page: Compile ThirdPersonCharacter
[2017.05.22-21.22.00:011][123]SourceControl: Info On branch master
[2017.05.22-21.22.00:011][123]SourceControl: Info Your branch is up-to-date with 'origin/master'.
[2017.05.22-21.22.00:011][123]SourceControl: Info Changes not staged for commit:
[2017.05.22-21.22.00:011][123]SourceControl: Info   (use "git add <file>..." to update what will be committed)
[2017.05.22-21.22.00:011][123]SourceControl: Info   (use "git checkout -- <file>..." to discard changes in working directory)
[2017.05.22-21.22.00:011][123]SourceControl: Info 	modified:   Intermediate/CachedAssetRegistry.bin
[2017.05.22-21.22.00:011][123]SourceControl: Info 	modified:   Saved/Logs/CharacterMechanics.log
[2017.05.22-21.22.00:011][123]SourceControl: Info Untracked files:
[2017.05.22-21.22.00:011][123]SourceControl: Info   (use "git add <file>..." to include in what will be committed)
[2017.05.22-21.22.00:011][123]SourceControl: Info 	Saved/Logs/CharacterMechanics-backup-2017.05.22-22.09.49.log
[2017.05.22-21.22.00:011][123]SourceControl: Info 	Saved/Logs/UE4CC-Windows-6C74E6874C16A9A612C751AE9859C2F6/
[2017.05.22-21.22.00:011][123]SourceControl: Info no changes added to commit (use "git add" and/or "git commit -a")
[2017.05.22-21.22.00:401][123]LogMetaData: Removing '/Game/Enums/PlayerState.PlayerState' ref from Metadata '/Game/PlayerState.PackageMetaData'
[2017.05.22-21.22.00:438][123]Cmd: OBJ SAVEPACKAGE PACKAGE="/Game/Enums/PlayerState" FILE="../../../../../../UnrealProjects/CharacterMechanics/Content/Enums/PlayerState.uasset" SILENT=true
[2017.05.22-21.22.00:450][123]LogSavePackage: Save=7.86ms
[2017.05.22-21.22.00:450][123]LogSavePackage: Moving '../../../../../../UnrealProjects/CharacterMechanics/Saved/PlayerState0AF435394CAA64EE1E0A33918564E372.tmp' to '../../../../../../UnrealProjects/CharacterMechanics/Content/Enums/PlayerState.uasset'
[2017.05.22-21.22.00:455][123]LogSavePackage:Display: Finished SavePackage ../../../../../../UnrealProjects/CharacterMechanics/Content/Enums/PlayerState.uasset
[2017.05.22-21.22.04:893][347]LogEnum:Warning: In asset 'None', there is an enum property of type 'PlayerState' with an invalid value of 'PlayerState::NewEnumerator0'
[2017.05.22-21.22.16:104][941]LogEnum:Warning: In asset 'None', there is an enum property of type 'PlayerState' with an invalid value of 'PlayerState::NewEnumerator1'
[2017.05.22-21.22.20:976][206]LogEnum:Warning: In asset 'None', there is an enum property of type 'PlayerState' with an invalid value of 'PlayerState::NewEnumerator2'
[2017.05.22-21.22.30:385][713]LogEnum:Warning: In asset 'None', there is an enum property of type 'PlayerState' with an invalid value of 'PlayerState::NewEnumerator3'
[2017.05.22-21.22.36:932][ 55]LogEnum:Warning: In asset 'None', there is an enum property of type 'PlayerState' with an invalid value of 'PlayerState::NewEnumerator4'
[2017.05.22-21.24.51:136][203]BlueprintLog: New page: Compile PlayerHealth
[2017.05.22-21.27.00:211][111]BlueprintLog: New page: Compile PlayerHealth
[2017.05.22-21.27.32:327][230]LogSavePackage: Save=449.71ms
[2017.05.22-21.27.32:327][230]LogSavePackage: Moving '../../../../../../UnrealProjects/CharacterMechanics/Saved/TestLevel_Auto135C1AD7048CDE2049E94828BF603F2AB.tmp' to '../../../../../../UnrealProjects/CharacterMechanics/Saved/Autosaves/Game/ThirdPersonBP/Maps/TestLevel_Auto1.umap'
[2017.05.22-21.27.32:328][230]LogSavePackage:Display: Finished SavePackage ../../../../../../UnrealProjects/CharacterMechanics/Saved/Autosaves/Game/ThirdPersonBP/Maps/TestLevel_Auto1.umap
[2017.05.22-21.27.32:337][230]LogFileHelpers: Editor autosave (incl. sublevels) for '/Game/ThirdPersonBP/Maps/TestLevel' took 0.809
[2017.05.22-21.27.32:337][230]LogFileHelpers: Editor autosave (incl. sublevels) for all levels took 0.809
[2017.05.22-21.27.32:341][230]OBJ SavePackage: Generating thumbnails for [1] asset(s) in package [/Game/ThirdPersonBP/Blueprints/ThirdPersonCharacter] ([1] browsable assets)...
[2017.05.22-21.27.32:395][230]OBJ SavePackage:     Rendered thumbnail for [Blueprint /Game/ThirdPersonBP/Blueprints/ThirdPersonCharacter.ThirdPersonCharacter]
[2017.05.22-21.27.32:396][230]OBJ SavePackage: Finished generating thumbnails for package [/Game/ThirdPersonBP/Blueprints/ThirdPersonCharacter]
[2017.05.22-21.27.32:648][230]LogSavePackage: Save=241.27ms
[2017.05.22-21.27.32:648][230]LogSavePackage: Moving '../../../../../../UnrealProjects/CharacterMechanics/Saved/ThirdPersonCharacter_Auto1533EC01C4AF754F683B6F890F41D6D89.tmp' to '../../../../../../UnrealProjects/CharacterMechanics/Saved/Autosaves/Game/ThirdPersonBP/Blueprints/ThirdPersonCharacter_Auto1.uasset'
[2017.05.22-21.27.32:649][230]LogSavePackage:Display: Finished SavePackage ../../../../../../UnrealProjects/CharacterMechanics/Saved/Autosaves/Game/ThirdPersonBP/Blueprints/ThirdPersonCharacter_Auto1.uasset
[2017.05.22-21.27.32:649][230]Cmd: OBJ SAVEPACKAGE PACKAGE="/Game/PlayerState" FILE="../../../../../../UnrealProjects/CharacterMechanics/Saved/Autosaves/Game/PlayerState_Auto1.uasset" SILENT=false AUTOSAVING=true
[2017.05.22-21.27.32:657][230]LogSavePackage: Save=5.67ms
[2017.05.22-21.27.32:657][230]LogSavePackage: Moving '../../../../../../UnrealProjects/CharacterMechanics/Saved/PlayerState_Auto16DCA091E440349708C561CA61A851DD1.tmp' to '../../../../../../UnrealProjects/CharacterMechanics/Saved/Autosaves/Game/PlayerState_Auto1.uasset'
[2017.05.22-21.27.32:658][230]LogSavePackage:Display: Finished SavePackage ../../../../../../UnrealProjects/CharacterMechanics/Saved/Autosaves/Game/PlayerState_Auto1.uasset
[2017.05.22-21.27.32:679][230]OBJ SavePackage: Generating thumbnails for [0] asset(s) in package [/Game/Enums/PlayerState] ([1] browsable assets)...
[2017.05.22-21.27.32:679][230]OBJ SavePackage: Finished generating thumbnails for package [/Game/Enums/PlayerState]
[2017.05.22-21.27.32:679][230]Cmd: OBJ SAVEPACKAGE PACKAGE="/Game/Enums/PlayerState" FILE="../../../../../../UnrealProjects/CharacterMechanics/Saved/Autosaves/Game/Enums/PlayerState_Auto1.uasset" SILENT=false AUTOSAVING=true
[2017.05.22-21.27.32:692][230]LogSavePackage: Save=6.89ms
[2017.05.22-21.27.32:692][230]LogSavePackage: Moving '../../../../../../UnrealProjects/CharacterMechanics/Saved/PlayerState_Auto1374431FE4D4D2FAC19D7E1B129D6729B.tmp' to '../../../../../../UnrealProjects/CharacterMechanics/Saved/Autosaves/Game/Enums/PlayerState_Auto1.uasset'
[2017.05.22-21.27.32:693][230]LogSavePackage:Display: Finished SavePackage ../../../../../../UnrealProjects/CharacterMechanics/Saved/Autosaves/Game/Enums/PlayerState_Auto1.uasset
[2017.05.22-21.27.32:694][230]OBJ SavePackage: Generating thumbnails for [0] asset(s) in package [/Game/Classes/PlayerHealth] ([1] browsable assets)...
[2017.05.22-21.27.32:694][230]OBJ SavePackage: Finished generating thumbnails for package [/Game/Classes/PlayerHealth]
[2017.05.22-21.27.32:694][230]Cmd: OBJ SAVEPACKAGE PACKAGE="/Game/Classes/PlayerHealth" FILE="../../../../../../UnrealProjects/CharacterMechanics/Saved/Autosaves/Game/Classes/PlayerHealth_Auto1.uasset" SILENT=false AUTOSAVING=true
[2017.05.22-21.27.32:847][230]LogSavePackage: Save=23.48ms
[2017.05.22-21.27.32:847][230]LogSavePackage: Moving '../../../../../../UnrealProjects/CharacterMechanics/Saved/PlayerHealth_Auto18B4976F9430717152CDE1F82755571EC.tmp' to '../../../../../../UnrealProjects/CharacterMechanics/Saved/Autosaves/Game/Classes/PlayerHealth_Auto1.uasset'
[2017.05.22-21.27.32:847][230]LogSavePackage:Display: Finished SavePackage ../../../../../../UnrealProjects/CharacterMechanics/Saved/Autosaves/Game/Classes/PlayerHealth_Auto1.uasset
[2017.05.22-21.27.32:847][230]LogFileHelpers: Auto-saving content packages took 0.508
[2017.05.22-21.28.13:183][997]BlueprintLog: New page: Compile ThirdPersonCharacter
[2017.05.22-21.28.39:426][330]BlueprintLog: New page: Compile ThirdPersonCharacter
[2017.05.22-21.28.40:397][330]BlueprintLog: New page: Compile ThirdPersonCharacter
[2017.05.22-21.29.19:745][215]BlueprintLog: New page: Compile PlayerLib
[2017.05.22-21.31.33:905][795]BlueprintLog: New page: Compile PlayerLib
[2017.05.22-21.33.45:908][374]LogBlueprint:Warning: [Compiler Ue4ASP_Character] Warning InputAction Event references unknown Action 'Crouch' for  InputAction Crouch
[2017.05.22-21.33.45:912][374]LogBlueprint:Warning: [Compiler Ue4ASP_Character] Warning [1438.39] Compile of Ue4ASP_Character successful, but with 1 Warning(s) [in 7 ms] (/Game/AnimStarterPack/Ue4ASP_Character.Ue4ASP_Character)
[2017.05.22-21.33.45:913][374]LogBlueprint:Warning: [Compiler Ue4ASP_Character] Warning [1438.39] Compile of Ue4ASP_Character successful, but with 2 Warning(s) [in 0 ms] (/Game/AnimStarterPack/Ue4ASP_Character.Ue4ASP_Character)
[2017.05.22-21.33.45:913][374]LogBlueprint:Warning: [Compiler Ue4ASP_Character] Warning [1438.39] Compile of Ue4ASP_Character successful, but with 3 Warning(s) [in 0 ms] (/Game/AnimStarterPack/Ue4ASP_Character.Ue4ASP_Character)
[2017.05.22-21.33.45:952][374]LogBlueprint:Warning: [Compiler Ue4ASP_Character] Warning InputAction Event references unknown Action 'Crouch' for  InputAction Crouch
[2017.05.22-21.33.45:956][374]LogBlueprint:Warning: [Compiler Ue4ASP_Character] Warning [1438.43] Compile of Ue4ASP_Character successful, but with 1 Warning(s) [in 7 ms] (/Game/AnimStarterPack/Ue4ASP_Character.Ue4ASP_Character)
[2017.05.22-21.33.45:956][374]LogBlueprint:Warning: [Compiler Ue4ASP_Character] Warning [1438.43] Compile of Ue4ASP_Character successful, but with 2 Warning(s) [in 0 ms] (/Game/AnimStarterPack/Ue4ASP_Character.Ue4ASP_Character)
[2017.05.22-21.33.45:957][374]LogBlueprint:Warning: [Compiler Ue4ASP_Character] Warning [1438.43] Compile of Ue4ASP_Character successful, but with 3 Warning(s) [in 1 ms] (/Game/AnimStarterPack/Ue4ASP_Character.Ue4ASP_Character)
[2017.05.22-21.33.53:663][948]LogBlueprint:Warning: [Compiler EnemyCharacter] Warning InputAction Event references unknown Action 'Crouch' for  InputAction Crouch
[2017.05.22-21.33.53:668][948]LogBlueprint:Warning: [Compiler EnemyCharacter] Warning [1446.14] Compile of EnemyCharacter successful, but with 1 Warning(s) [in 21 ms] (/Game/AnimStarterPack/EnemyCharacter.EnemyCharacter)
[2017.05.22-21.33.53:689][948]LogBlueprint:Warning: [Compiler EnemyCharacter] Warning InputAction Event references unknown Action 'Crouch' for  InputAction Crouch
[2017.05.22-21.33.53:694][948]LogBlueprint:Warning: [Compiler EnemyCharacter] Warning [1446.17] Compile of EnemyCharacter successful, but with 1 Warning(s) [in 15 ms] (/Game/AnimStarterPack/EnemyCharacter.EnemyCharacter)
[2017.05.22-21.33.53:694][948]LogBlueprint:Warning: [Compiler EnemyCharacter] Warning [1446.17] Compile of EnemyCharacter successful, but with 2 Warning(s) [in 0 ms] (/Game/AnimStarterPack/EnemyCharacter.EnemyCharacter)
[2017.05.22-21.33.53:694][948]LogBlueprint:Warning: [Compiler EnemyCharacter] Warning [1446.17] Compile of EnemyCharacter successful, but with 3 Warning(s) [in 0 ms] (/Game/AnimStarterPack/EnemyCharacter.EnemyCharacter)
[2017.05.22-21.33.53:799][948]LogBlueprint:Warning: [Compiler EnemyCharacter] Warning [1446.27] Compile of EnemyCharacter successful, but with 4 Warning(s) [in 105 ms] (/Game/AnimStarterPack/EnemyCharacter.EnemyCharacter)
[2017.05.22-21.33.53:799][948]LogBlueprint:Warning: [Compiler EnemyCharacter] Warning [1446.27] Compile of EnemyCharacter successful, but with 5 Warning(s) [in 0 ms] (/Game/AnimStarterPack/EnemyCharacter.EnemyCharacter)
[2017.05.22-21.33.53:799][948]LogBlueprint:Warning: [Compiler EnemyCharacter] Warning [1446.27] Compile of EnemyCharacter successful, but with 6 Warning(s) [in 0 ms] (/Game/AnimStarterPack/EnemyCharacter.EnemyCharacter)
[2017.05.22-21.33.53:909][948]Cmd: OBJ SAVEPACKAGE PACKAGE="/Game/AnimStarterPack/EnemyCharacter" FILE="../../../../../../UnrealProjects/CharacterMechanics/Content/AnimStarterPack/EnemyCharacter.uasset" SILENT=true
[2017.05.22-21.33.53:953][948]LogSavePackage: Save=43.23ms
[2017.05.22-21.33.53:953][948]LogSavePackage: Moving '../../../../../../UnrealProjects/CharacterMechanics/Saved/EnemyCharacterCE6C55404BA0B9EE481BD0ABDFFFD630.tmp' to '../../../../../../UnrealProjects/CharacterMechanics/Content/AnimStarterPack/EnemyCharacter.uasset'
[2017.05.22-21.33.53:955][948]LogSavePackage:Display: Finished SavePackage ../../../../../../UnrealProjects/CharacterMechanics/Content/AnimStarterPack/EnemyCharacter.uasset
[2017.05.22-21.34.05:005][237]SourceControl: Info On branch master
[2017.05.22-21.34.05:005][237]SourceControl: Info Your branch is up-to-date with 'origin/master'.
[2017.05.22-21.34.05:005][237]SourceControl: Info Changes to be committed:
[2017.05.22-21.34.05:005][237]SourceControl: Info   (use "git reset HEAD <file>..." to unstage)
[2017.05.22-21.34.05:005][237]SourceControl: Info 	new file:   Content/AnimStarterPack/EnemyCharacter.uasset
[2017.05.22-21.34.05:005][237]SourceControl: Info 	new file:   Content/Enums/PlayerState.uasset
[2017.05.22-21.34.05:005][237]SourceControl: Info Changes not staged for commit:
[2017.05.22-21.34.05:005][237]SourceControl: Info   (use "git add/rm <file>..." to update what will be committed)
[2017.05.22-21.34.05:005][237]SourceControl: Info   (use "git checkout -- <file>..." to discard changes in working directory)
[2017.05.22-21.34.05:005][237]SourceControl: Info 	modified:   Intermediate/CachedAssetRegistry.bin
[2017.05.22-21.34.05:005][237]SourceControl: Info 	modified:   Saved/Autosaves/Game/ThirdPersonBP/Blueprints/ThirdPersonCharacter_Auto1.uasset
[2017.05.22-21.34.05:005][237]SourceControl: Info 	modified:   Saved/Autosaves/Game/ThirdPersonBP/Maps/TestLevel_Auto1.umap
[2017.05.22-21.34.05:005][237]SourceControl: Info 	modified:   Saved/Autosaves/PackageRestoreData.json
[2017.05.22-21.34.05:005][237]SourceControl: Info 	deleted:    Saved/Backup/ThirdPersonExampleMap_2017-05-21-19-17-47.umap
[2017.05.22-21.34.05:005][237]SourceControl: Info 	deleted:    Saved/Backup/ThirdPerson_AnimBP_2017-05-21-19-27-47.uasset
[2017.05.22-21.34.05:005][237]SourceControl: Info 	modified:   Saved/Config/Windows/EditorPerProjectUserSettings.ini
[2017.05.22-21.34.05:005][237]SourceControl: Info 	modified:   Saved/Logs/CharacterMechanics.log
[2017.05.22-21.34.05:005][237]SourceControl: Info Untracked files:
[2017.05.22-21.34.05:005][237]SourceControl: Info   (use "git add <file>..." to include in what will be committed)
[2017.05.22-21.34.05:005][237]SourceControl: Info 	Saved/Autosaves/Game/Classes/
[2017.05.22-21.34.05:005][237]SourceControl: Info 	Saved/Autosaves/Game/Enums/
[2017.05.22-21.34.05:005][237]SourceControl: Info 	Saved/Autosaves/Game/PlayerState_Auto1.uasset
[2017.05.22-21.34.05:006][237]SourceControl: Info 	Saved/Backup/PlayerState_2017-05-22-22-27-32.uasset
[2017.05.22-21.34.05:006][237]SourceControl: Info 	Saved/Backup/TestLevel_2017-05-22-22-27-31.umap
[2017.05.22-21.34.05:006][237]SourceControl: Info 	Saved/Backup/ThirdPersonCharacter_2017-05-22-22-27-32.uasset
[2017.05.22-21.34.05:006][237]SourceControl: Info 	Saved/Logs/CharacterMechanics-backup-2017.05.22-22.09.49.log
[2017.05.22-21.34.05:006][237]SourceControl: Info 	Saved/Logs/UE4CC-Windows-6C74E6874C16A9A612C751AE9859C2F6/
[2017.05.22-21.34.05:344][237]LogBlueprint:Warning: [Compiler EnemyCharacter1] Warning InputAction Event references unknown Action 'Crouch' for  InputAction Crouch
[2017.05.22-21.34.05:351][237]LogBlueprint:Warning: [Compiler EnemyCharacter1] Warning [1457.82] Compile of EnemyCharacter1 successful, but with 1 Warning(s) [in 22 ms] (/Game/AnimStarterPack/EnemyCharacter1.EnemyCharacter1)
[2017.05.22-21.34.05:351][237]LogBlueprint:Warning: [Compiler EnemyCharacter1] Warning [1457.82] Compile of EnemyCharacter1 successful, but with 2 Warning(s) [in 0 ms] (/Game/AnimStarterPack/EnemyCharacter1.EnemyCharacter1)
[2017.05.22-21.34.05:351][237]LogBlueprint:Warning: [Compiler EnemyCharacter1] Warning [1457.82] Compile of EnemyCharacter1 successful, but with 3 Warning(s) [in 0 ms] (/Game/AnimStarterPack/EnemyCharacter1.EnemyCharacter1)
[2017.05.22-21.34.05:487][237]LogBlueprint:Warning: [Compiler EnemyCharacter1] Warning [1457.96] Compile of EnemyCharacter1 successful, but with 4 Warning(s) [in 136 ms] (/Game/AnimStarterPack/EnemyCharacter1.EnemyCharacter1)
[2017.05.22-21.34.05:553][237]LogBlueprint:Warning: [Compiler EnemyCharacter1] Warning [1458.03] Compile of EnemyCharacter1 successful, but with 5 Warning(s) [in 65 ms] (/Game/AnimStarterPack/EnemyCharacter1.EnemyCharacter1)
[2017.05.22-21.34.05:554][237]LogBlueprint:Warning: [Compiler EnemyCharacter1] Warning [1458.03] Compile of EnemyCharacter1 successful, but with 6 Warning(s) [in 1 ms] (/Game/AnimStarterPack/EnemyCharacter1.EnemyCharacter1)
[2017.05.22-21.34.05:554][237]LogBlueprint:Warning: [Compiler EnemyCharacter1] Warning [1458.03] Compile of EnemyCharacter1 successful, but with 7 Warning(s) [in 0 ms] (/Game/AnimStarterPack/EnemyCharacter1.EnemyCharacter1)
[2017.05.22-21.34.05:556][237]LogMetaData: Removing '/Game/AnimStarterPack/EnemyCharacter1.SKEL_EnemyCharacter1_C' ref from Metadata '/Game/AnimStarterPack/EnemyCharacter.PackageMetaData'
[2017.05.22-21.34.05:556][237]LogMetaData: Removing '/Game/AnimStarterPack/EnemyCharacter1.EnemyCharacter1_C' ref from Metadata '/Game/AnimStarterPack/EnemyCharacter.PackageMetaData'
[2017.05.22-21.34.05:594][237]Cmd: OBJ SAVEPACKAGE PACKAGE="/Game/AnimStarterPack/EnemyCharacter1" FILE="../../../../../../UnrealProjects/CharacterMechanics/Content/AnimStarterPack/EnemyCharacter1.uasset" SILENT=true
[2017.05.22-21.34.05:656][237]LogSavePackage: Save=59.23ms
[2017.05.22-21.34.05:656][237]LogSavePackage: Moving '../../../../../../UnrealProjects/CharacterMechanics/Saved/EnemyCharacter1DEFCF5274CCDC5EA9DEF2BB85362EF5E.tmp' to '../../../../../../UnrealProjects/CharacterMechanics/Content/AnimStarterPack/EnemyCharacter1.uasset'
[2017.05.22-21.34.05:659][237]LogSavePackage:Display: Finished SavePackage ../../../../../../UnrealProjects/CharacterMechanics/Content/AnimStarterPack/EnemyCharacter1.uasset
[2017.05.22-21.34.13:429][579]SourceControl: Info On branch master
[2017.05.22-21.34.13:429][579]SourceControl: Info Your branch is up-to-date with 'origin/master'.
[2017.05.22-21.34.13:429][579]SourceControl: Info Changes to be committed:
[2017.05.22-21.34.13:429][579]SourceControl: Info   (use "git reset HEAD <file>..." to unstage)
[2017.05.22-21.34.13:429][579]SourceControl: Info 	new file:   Content/AnimStarterPack/EnemyCharacter.uasset
[2017.05.22-21.34.13:429][579]SourceControl: Info 	new file:   Content/AnimStarterPack/EnemyCharacter1.uasset
[2017.05.22-21.34.13:429][579]SourceControl: Info 	new file:   Content/Enums/PlayerState.uasset
[2017.05.22-21.34.13:429][579]SourceControl: Info Changes not staged for commit:
[2017.05.22-21.34.13:429][579]SourceControl: Info   (use "git add/rm <file>..." to update what will be committed)
[2017.05.22-21.34.13:429][579]SourceControl: Info   (use "git checkout -- <file>..." to discard changes in working directory)
[2017.05.22-21.34.13:429][579]SourceControl: Info 	modified:   Intermediate/CachedAssetRegistry.bin
[2017.05.22-21.34.13:429][579]SourceControl: Info 	modified:   Saved/Autosaves/Game/ThirdPersonBP/Blueprints/ThirdPersonCharacter_Auto1.uasset
[2017.05.22-21.34.13:429][579]SourceControl: Info 	modified:   Saved/Autosaves/Game/ThirdPersonBP/Maps/TestLevel_Auto1.umap
[2017.05.22-21.34.13:429][579]SourceControl: Info 	modified:   Saved/Autosaves/PackageRestoreData.json
[2017.05.22-21.34.13:429][579]SourceControl: Info 	deleted:    Saved/Backup/ThirdPersonExampleMap_2017-05-21-19-17-47.umap
[2017.05.22-21.34.13:429][579]SourceControl: Info 	deleted:    Saved/Backup/ThirdPerson_AnimBP_2017-05-21-19-27-47.uasset
[2017.05.22-21.34.13:429][579]SourceControl: Info 	modified:   Saved/Config/Windows/EditorPerProjectUserSettings.ini
[2017.05.22-21.34.13:429][579]SourceControl: Info 	modified:   Saved/Logs/CharacterMechanics.log
[2017.05.22-21.34.13:430][579]SourceControl: Info Untracked files:
[2017.05.22-21.34.13:430][579]SourceControl: Info   (use "git add <file>..." to include in what will be committed)
[2017.05.22-21.34.13:430][579]SourceControl: Info 	Saved/Autosaves/Game/Classes/
[2017.05.22-21.34.13:430][579]SourceControl: Info 	Saved/Autosaves/Game/Enums/
[2017.05.22-21.34.13:430][579]SourceControl: Info 	Saved/Autosaves/Game/PlayerState_Auto1.uasset
[2017.05.22-21.34.13:430][579]SourceControl: Info 	Saved/Backup/PlayerState_2017-05-22-22-27-32.uasset
[2017.05.22-21.34.13:430][579]SourceControl: Info 	Saved/Backup/TestLevel_2017-05-22-22-27-31.umap
[2017.05.22-21.34.13:430][579]SourceControl: Info 	Saved/Backup/ThirdPersonCharacter_2017-05-22-22-27-32.uasset
[2017.05.22-21.34.13:430][579]SourceControl: Info 	Saved/Logs/CharacterMechanics-backup-2017.05.22-22.09.49.log
[2017.05.22-21.34.13:430][579]SourceControl: Info 	Saved/Logs/UE4CC-Windows-6C74E6874C16A9A612C751AE9859C2F6/
[2017.05.22-21.34.13:838][579]LogMetaData: Removing '/Game/EnemyCharacter1.EnemyCharacter1_C' ref from Metadata '/Game/AnimStarterPack/EnemyCharacter1.PackageMetaData'
[2017.05.22-21.34.13:838][579]LogMetaData: Removing '/Game/EnemyCharacter1.SKEL_EnemyCharacter1_C' ref from Metadata '/Game/AnimStarterPack/EnemyCharacter1.PackageMetaData'
[2017.05.22-21.34.13:838][579]LogMetaData: Removing '/Game/EnemyCharacter1.SKEL_EnemyCharacter1_C:Crouch Button Down' ref from Metadata '/Game/AnimStarterPack/EnemyCharacter1.PackageMetaData'
[2017.05.22-21.34.13:838][579]LogMetaData: Removing '/Game/EnemyCharacter1.SKEL_EnemyCharacter1_C:Jump Button Down' ref from Metadata '/Game/AnimStarterPack/EnemyCharacter1.PackageMetaData'
[2017.05.22-21.34.13:838][579]LogMetaData: Removing '/Game/EnemyCharacter1.SKEL_EnemyCharacter1_C:CameraBoom' ref from Metadata '/Game/AnimStarterPack/EnemyCharacter1.PackageMetaData'
[2017.05.22-21.34.13:838][579]LogMetaData: Removing '/Game/EnemyCharacter1.SKEL_EnemyCharacter1_C:PlayerCamera' ref from Metadata '/Game/AnimStarterPack/EnemyCharacter1.PackageMetaData'
[2017.05.22-21.34.13:838][579]LogMetaData: Removing '/Game/EnemyCharacter1.SKEL_EnemyCharacter1_C:UserConstructionScript' ref from Metadata '/Game/AnimStarterPack/EnemyCharacter1.PackageMetaData'
[2017.05.22-21.34.13:838][579]LogMetaData: Removing '/Game/EnemyCharacter1.SKEL_EnemyCharacter1_C:ExecuteUbergraph_EnemyCharacter1' ref from Metadata '/Game/AnimStarterPack/EnemyCharacter1.PackageMetaData'
[2017.05.22-21.34.13:838][579]LogMetaData: Removing '/Game/EnemyCharacter1.SKEL_EnemyCharacter1_C:InpAxisEvt_MoveForward_K2Node_InputAxisEvent_180' ref from Metadata '/Game/AnimStarterPack/EnemyCharacter1.PackageMetaData'
[2017.05.22-21.34.13:838][579]LogMetaData: Removing '/Game/EnemyCharacter1.SKEL_EnemyCharacter1_C:InpAxisEvt_LookUp_K2Node_InputAxisEvent_268' ref from Metadata '/Game/AnimStarterPack/EnemyCharacter1.PackageMetaData'
[2017.05.22-21.34.13:839][579]LogMetaData: Removing '/Game/EnemyCharacter1.SKEL_EnemyCharacter1_C:InpAxisEvt_Turn_K2Node_InputAxisEvent_256' ref from Metadata '/Game/AnimStarterPack/EnemyCharacter1.PackageMetaData'
[2017.05.22-21.34.13:839][579]LogMetaData: Removing '/Game/EnemyCharacter1.SKEL_EnemyCharacter1_C:InpAxisEvt_MoveRight_K2Node_InputAxisEvent_243' ref from Metadata '/Game/AnimStarterPack/EnemyCharacter1.PackageMetaData'
[2017.05.22-21.34.13:839][579]LogMetaData: Removing '/Game/EnemyCharacter1.EnemyCharacter1_C:Crouch Button Down' ref from Metadata '/Game/AnimStarterPack/EnemyCharacter1.PackageMetaData'
[2017.05.22-21.34.13:839][579]LogMetaData: Removing '/Game/EnemyCharacter1.EnemyCharacter1_C:Jump Button Down' ref from Metadata '/Game/AnimStarterPack/EnemyCharacter1.PackageMetaData'
[2017.05.22-21.34.13:839][579]LogMetaData: Removing '/Game/EnemyCharacter1.EnemyCharacter1_C:CameraBoom' ref from Metadata '/Game/AnimStarterPack/EnemyCharacter1.PackageMetaData'
[2017.05.22-21.34.13:839][579]LogMetaData: Removing '/Game/EnemyCharacter1.EnemyCharacter1_C:PlayerCamera' ref from Metadata '/Game/AnimStarterPack/EnemyCharacter1.PackageMetaData'
[2017.05.22-21.34.13:839][579]LogMetaData: Removing '/Game/EnemyCharacter1.EnemyCharacter1_C:UserConstructionScript' ref from Metadata '/Game/AnimStarterPack/EnemyCharacter1.PackageMetaData'
[2017.05.22-21.34.13:839][579]LogMetaData: Removing '/Game/EnemyCharacter1.EnemyCharacter1_C:ExecuteUbergraph_EnemyCharacter1' ref from Metadata '/Game/AnimStarterPack/EnemyCharacter1.PackageMetaData'
[2017.05.22-21.34.13:839][579]LogMetaData: Removing '/Game/EnemyCharacter1.EnemyCharacter1_C:InpAxisEvt_MoveForward_K2Node_InputAxisEvent_180' ref from Metadata '/Game/AnimStarterPack/EnemyCharacter1.PackageMetaData'
[2017.05.22-21.34.13:839][579]LogMetaData: Removing '/Game/EnemyCharacter1.EnemyCharacter1_C:InpAxisEvt_LookUp_K2Node_InputAxisEvent_268' ref from Metadata '/Game/AnimStarterPack/EnemyCharacter1.PackageMetaData'
[2017.05.22-21.34.13:839][579]LogMetaData: Removing '/Game/EnemyCharacter1.EnemyCharacter1_C:InpAxisEvt_Turn_K2Node_InputAxisEvent_256' ref from Metadata '/Game/AnimStarterPack/EnemyCharacter1.PackageMetaData'
[2017.05.22-21.34.13:839][579]LogMetaData: Removing '/Game/EnemyCharacter1.EnemyCharacter1_C:InpAxisEvt_MoveRight_K2Node_InputAxisEvent_243' ref from Metadata '/Game/AnimStarterPack/EnemyCharacter1.PackageMetaData'
[2017.05.22-21.34.13:878][579]Cmd: OBJ SAVEPACKAGE PACKAGE="/Game/EnemyCharacter1" FILE="../../../../../../UnrealProjects/CharacterMechanics/Content/EnemyCharacter1.uasset" SILENT=true
[2017.05.22-21.34.13:938][579]LogSavePackage: Save=58.93ms
[2017.05.22-21.34.13:938][579]LogSavePackage: Moving '../../../../../../UnrealProjects/CharacterMechanics/Saved/EnemyCharacter18F57C7254473ADD692534F81E2EEE3F7.tmp' to '../../../../../../UnrealProjects/CharacterMechanics/Content/EnemyCharacter1.uasset'
[2017.05.22-21.34.13:940][579]LogSavePackage:Display: Finished SavePackage ../../../../../../UnrealProjects/CharacterMechanics/Content/EnemyCharacter1.uasset
[2017.05.22-21.34.31:405][653]SourceControl: Info On branch master
[2017.05.22-21.34.31:405][653]SourceControl: Info Your branch is up-to-date with 'origin/master'.
[2017.05.22-21.34.31:405][653]SourceControl: Info Changes to be committed:
[2017.05.22-21.34.31:405][653]SourceControl: Info   (use "git reset HEAD <file>..." to unstage)
[2017.05.22-21.34.31:405][653]SourceControl: Info 	new file:   Content/AnimStarterPack/EnemyCharacter.uasset
[2017.05.22-21.34.31:405][653]SourceControl: Info 	new file:   Content/AnimStarterPack/EnemyCharacter1.uasset
[2017.05.22-21.34.31:405][653]SourceControl: Info 	new file:   Content/EnemyCharacter1.uasset
[2017.05.22-21.34.31:405][653]SourceControl: Info 	new file:   Content/Enums/PlayerState.uasset
[2017.05.22-21.34.31:405][653]SourceControl: Info Changes not staged for commit:
[2017.05.22-21.34.31:405][653]SourceControl: Info   (use "git add/rm <file>..." to update what will be committed)
[2017.05.22-21.34.31:405][653]SourceControl: Info   (use "git checkout -- <file>..." to discard changes in working directory)
[2017.05.22-21.34.31:405][653]SourceControl: Info 	modified:   Intermediate/CachedAssetRegistry.bin
[2017.05.22-21.34.31:405][653]SourceControl: Info 	modified:   Saved/Autosaves/Game/ThirdPersonBP/Blueprints/ThirdPersonCharacter_Auto1.uasset
[2017.05.22-21.34.31:405][653]SourceControl: Info 	modified:   Saved/Autosaves/Game/ThirdPersonBP/Maps/TestLevel_Auto1.umap
[2017.05.22-21.34.31:405][653]SourceControl: Info 	modified:   Saved/Autosaves/PackageRestoreData.json
[2017.05.22-21.34.31:405][653]SourceControl: Info 	deleted:    Saved/Backup/ThirdPersonExampleMap_2017-05-21-19-17-47.umap
[2017.05.22-21.34.31:405][653]SourceControl: Info 	deleted:    Saved/Backup/ThirdPerson_AnimBP_2017-05-21-19-27-47.uasset
[2017.05.22-21.34.31:405][653]SourceControl: Info 	modified:   Saved/Config/Windows/EditorPerProjectUserSettings.ini
[2017.05.22-21.34.31:405][653]SourceControl: Info 	modified:   Saved/Logs/CharacterMechanics.log
[2017.05.22-21.34.31:405][653]SourceControl: Info Untracked files:
[2017.05.22-21.34.31:405][653]SourceControl: Info   (use "git add <file>..." to include in what will be committed)
[2017.05.22-21.34.31:405][653]SourceControl: Info 	Saved/Autosaves/Game/Classes/
[2017.05.22-21.34.31:405][653]SourceControl: Info 	Saved/Autosaves/Game/Enums/
[2017.05.22-21.34.31:405][653]SourceControl: Info 	Saved/Autosaves/Game/PlayerState_Auto1.uasset
[2017.05.22-21.34.31:405][653]SourceControl: Info 	Saved/Backup/PlayerState_2017-05-22-22-27-32.uasset
[2017.05.22-21.34.31:405][653]SourceControl: Info 	Saved/Backup/TestLevel_2017-05-22-22-27-31.umap
[2017.05.22-21.34.31:405][653]SourceControl: Info 	Saved/Backup/ThirdPersonCharacter_2017-05-22-22-27-32.uasset
[2017.05.22-21.34.31:405][653]SourceControl: Info 	Saved/Logs/CharacterMechanics-backup-2017.05.22-22.09.49.log
[2017.05.22-21.34.31:405][653]SourceControl: Info 	Saved/Logs/UE4CC-Windows-6C74E6874C16A9A612C751AE9859C2F6/
[2017.05.22-21.34.31:765][653]LogMetaData: Removing '/Game/Enemy/EnemyCharacter1.EnemyCharacter1_C' ref from Metadata '/Game/EnemyCharacter1.PackageMetaData'
[2017.05.22-21.34.31:765][653]LogMetaData: Removing '/Game/Enemy/EnemyCharacter1.EnemyCharacter1_C:UserConstructionScript' ref from Metadata '/Game/EnemyCharacter1.PackageMetaData'
[2017.05.22-21.34.31:765][653]LogMetaData: Removing '/Game/Enemy/EnemyCharacter1.EnemyCharacter1_C:InpAxisEvt_MoveRight_K2Node_InputAxisEvent_243' ref from Metadata '/Game/EnemyCharacter1.PackageMetaData'
[2017.05.22-21.34.31:765][653]LogMetaData: Removing '/Game/Enemy/EnemyCharacter1.EnemyCharacter1_C:InpAxisEvt_Turn_K2Node_InputAxisEvent_256' ref from Metadata '/Game/EnemyCharacter1.PackageMetaData'
[2017.05.22-21.34.31:765][653]LogMetaData: Removing '/Game/Enemy/EnemyCharacter1.EnemyCharacter1_C:InpAxisEvt_LookUp_K2Node_InputAxisEvent_268' ref from Metadata '/Game/EnemyCharacter1.PackageMetaData'
[2017.05.22-21.34.31:765][653]LogMetaData: Removing '/Game/Enemy/EnemyCharacter1.EnemyCharacter1_C:InpAxisEvt_MoveForward_K2Node_InputAxisEvent_180' ref from Metadata '/Game/EnemyCharacter1.PackageMetaData'
[2017.05.22-21.34.31:765][653]LogMetaData: Removing '/Game/Enemy/EnemyCharacter1.EnemyCharacter1_C:ExecuteUbergraph_EnemyCharacter1' ref from Metadata '/Game/EnemyCharacter1.PackageMetaData'
[2017.05.22-21.34.31:765][653]LogMetaData: Removing '/Game/Enemy/EnemyCharacter1.EnemyCharacter1_C:PlayerCamera' ref from Metadata '/Game/EnemyCharacter1.PackageMetaData'
[2017.05.22-21.34.31:765][653]LogMetaData: Removing '/Game/Enemy/EnemyCharacter1.EnemyCharacter1_C:CameraBoom' ref from Metadata '/Game/EnemyCharacter1.PackageMetaData'
[2017.05.22-21.34.31:765][653]LogMetaData: Removing '/Game/Enemy/EnemyCharacter1.EnemyCharacter1_C:Jump Button Down' ref from Metadata '/Game/EnemyCharacter1.PackageMetaData'
[2017.05.22-21.34.31:765][653]LogMetaData: Removing '/Game/Enemy/EnemyCharacter1.EnemyCharacter1_C:Crouch Button Down' ref from Metadata '/Game/EnemyCharacter1.PackageMetaData'
[2017.05.22-21.34.31:765][653]LogMetaData: Removing '/Game/Enemy/EnemyCharacter1.SKEL_EnemyCharacter1_C' ref from Metadata '/Game/EnemyCharacter1.PackageMetaData'
[2017.05.22-21.34.31:765][653]LogMetaData: Removing '/Game/Enemy/EnemyCharacter1.SKEL_EnemyCharacter1_C:Crouch Button Down' ref from Metadata '/Game/EnemyCharacter1.PackageMetaData'
[2017.05.22-21.34.31:765][653]LogMetaData: Removing '/Game/Enemy/EnemyCharacter1.SKEL_EnemyCharacter1_C:Jump Button Down' ref from Metadata '/Game/EnemyCharacter1.PackageMetaData'
[2017.05.22-21.34.31:765][653]LogMetaData: Removing '/Game/Enemy/EnemyCharacter1.SKEL_EnemyCharacter1_C:CameraBoom' ref from Metadata '/Game/EnemyCharacter1.PackageMetaData'
[2017.05.22-21.34.31:765][653]LogMetaData: Removing '/Game/Enemy/EnemyCharacter1.SKEL_EnemyCharacter1_C:PlayerCamera' ref from Metadata '/Game/EnemyCharacter1.PackageMetaData'
[2017.05.22-21.34.31:765][653]LogMetaData: Removing '/Game/Enemy/EnemyCharacter1.SKEL_EnemyCharacter1_C:ExecuteUbergraph_EnemyCharacter1' ref from Metadata '/Game/EnemyCharacter1.PackageMetaData'
[2017.05.22-21.34.31:765][653]LogMetaData: Removing '/Game/Enemy/EnemyCharacter1.SKEL_EnemyCharacter1_C:InpAxisEvt_MoveForward_K2Node_InputAxisEvent_180' ref from Metadata '/Game/EnemyCharacter1.PackageMetaData'
[2017.05.22-21.34.31:765][653]LogMetaData: Removing '/Game/Enemy/EnemyCharacter1.SKEL_EnemyCharacter1_C:InpAxisEvt_LookUp_K2Node_InputAxisEvent_268' ref from Metadata '/Game/EnemyCharacter1.PackageMetaData'
[2017.05.22-21.34.31:765][653]LogMetaData: Removing '/Game/Enemy/EnemyCharacter1.SKEL_EnemyCharacter1_C:InpAxisEvt_Turn_K2Node_InputAxisEvent_256' ref from Metadata '/Game/EnemyCharacter1.PackageMetaData'
[2017.05.22-21.34.31:765][653]LogMetaData: Removing '/Game/Enemy/EnemyCharacter1.SKEL_EnemyCharacter1_C:InpAxisEvt_MoveRight_K2Node_InputAxisEvent_243' ref from Metadata '/Game/EnemyCharacter1.PackageMetaData'
[2017.05.22-21.34.31:765][653]LogMetaData: Removing '/Game/Enemy/EnemyCharacter1.SKEL_EnemyCharacter1_C:UserConstructionScript' ref from Metadata '/Game/EnemyCharacter1.PackageMetaData'
[2017.05.22-21.34.31:806][653]Cmd: OBJ SAVEPACKAGE PACKAGE="/Game/Enemy/EnemyCharacter1" FILE="../../../../../../UnrealProjects/CharacterMechanics/Content/Enemy/EnemyCharacter1.uasset" SILENT=true
[2017.05.22-21.34.31:881][653]LogSavePackage: Save=73.44ms
[2017.05.22-21.34.31:881][653]LogSavePackage: Moving '../../../../../../UnrealProjects/CharacterMechanics/Saved/EnemyCharacter107CCACCB4E0FA8B0286D30848C762D6B.tmp' to '../../../../../../UnrealProjects/CharacterMechanics/Content/Enemy/EnemyCharacter1.uasset'
[2017.05.22-21.34.31:884][653]LogSavePackage:Display: Finished SavePackage ../../../../../../UnrealProjects/CharacterMechanics/Content/Enemy/EnemyCharacter1.uasset
[2017.05.22-21.34.54:527][619]Cmd: OBJ SAVEPACKAGE PACKAGE="/Game/AnimStarterPack/EnemyAnimBlueprint" FILE="../../../../../../UnrealProjects/CharacterMechanics/Content/AnimStarterPack/EnemyAnimBlueprint.uasset" SILENT=true
[2017.05.22-21.34.54:616][619]LogSavePackage: Save=88.16ms
[2017.05.22-21.34.54:616][619]LogSavePackage: Moving '../../../../../../UnrealProjects/CharacterMechanics/Saved/EnemyAnimBlueprint5AC5358E431C40BA45ED1F8541690CF4.tmp' to '../../../../../../UnrealProjects/CharacterMechanics/Content/AnimStarterPack/EnemyAnimBlueprint.uasset'
[2017.05.22-21.34.54:618][619]LogSavePackage:Display: Finished SavePackage ../../../../../../UnrealProjects/CharacterMechanics/Content/AnimStarterPack/EnemyAnimBlueprint.uasset
[2017.05.22-21.35.02:562][137]SourceControl: Info On branch master
[2017.05.22-21.35.02:562][137]SourceControl: Info Your branch is up-to-date with 'origin/master'.
[2017.05.22-21.35.02:562][137]SourceControl: Info Changes to be committed:
[2017.05.22-21.35.02:562][137]SourceControl: Info   (use "git reset HEAD <file>..." to unstage)
[2017.05.22-21.35.02:562][137]SourceControl: Info 	new file:   Content/AnimStarterPack/EnemyAnimBlueprint.uasset
[2017.05.22-21.35.02:562][137]SourceControl: Info 	new file:   Content/AnimStarterPack/EnemyCharacter.uasset
[2017.05.22-21.35.02:562][137]SourceControl: Info 	new file:   Content/AnimStarterPack/EnemyCharacter1.uasset
[2017.05.22-21.35.02:562][137]SourceControl: Info 	new file:   Content/Enemy/EnemyCharacter1.uasset
[2017.05.22-21.35.02:562][137]SourceControl: Info 	new file:   Content/EnemyCharacter1.uasset
[2017.05.22-21.35.02:562][137]SourceControl: Info 	new file:   Content/Enums/PlayerState.uasset
[2017.05.22-21.35.02:562][137]SourceControl: Info Changes not staged for commit:
[2017.05.22-21.35.02:562][137]SourceControl: Info   (use "git add/rm <file>..." to update what will be committed)
[2017.05.22-21.35.02:562][137]SourceControl: Info   (use "git checkout -- <file>..." to discard changes in working directory)
[2017.05.22-21.35.02:562][137]SourceControl: Info 	modified:   Intermediate/CachedAssetRegistry.bin
[2017.05.22-21.35.02:562][137]SourceControl: Info 	modified:   Saved/Autosaves/Game/ThirdPersonBP/Blueprints/ThirdPersonCharacter_Auto1.uasset
[2017.05.22-21.35.02:562][137]SourceControl: Info 	modified:   Saved/Autosaves/Game/ThirdPersonBP/Maps/TestLevel_Auto1.umap
[2017.05.22-21.35.02:562][137]SourceControl: Info 	modified:   Saved/Autosaves/PackageRestoreData.json
[2017.05.22-21.35.02:562][137]SourceControl: Info 	deleted:    Saved/Backup/ThirdPersonExampleMap_2017-05-21-19-17-47.umap
[2017.05.22-21.35.02:562][137]SourceControl: Info 	deleted:    Saved/Backup/ThirdPerson_AnimBP_2017-05-21-19-27-47.uasset
[2017.05.22-21.35.02:562][137]SourceControl: Info 	modified:   Saved/Config/Windows/EditorPerProjectUserSettings.ini
[2017.05.22-21.35.02:562][137]SourceControl: Info 	modified:   Saved/Logs/CharacterMechanics.log
[2017.05.22-21.35.02:562][137]SourceControl: Info Untracked files:
[2017.05.22-21.35.02:562][137]SourceControl: Info   (use "git add <file>..." to include in what will be committed)
[2017.05.22-21.35.02:562][137]SourceControl: Info 	Saved/Autosaves/Game/Classes/
[2017.05.22-21.35.02:562][137]SourceControl: Info 	Saved/Autosaves/Game/Enums/
[2017.05.22-21.35.02:562][137]SourceControl: Info 	Saved/Autosaves/Game/PlayerState_Auto1.uasset
[2017.05.22-21.35.02:562][137]SourceControl: Info 	Saved/Backup/PlayerState_2017-05-22-22-27-32.uasset
[2017.05.22-21.35.02:562][137]SourceControl: Info 	Saved/Backup/TestLevel_2017-05-22-22-27-31.umap
[2017.05.22-21.35.02:562][137]SourceControl: Info 	Saved/Backup/ThirdPersonCharacter_2017-05-22-22-27-32.uasset
[2017.05.22-21.35.02:562][137]SourceControl: Info 	Saved/Logs/CharacterMechanics-backup-2017.05.22-22.09.49.log
[2017.05.22-21.35.02:562][137]SourceControl: Info 	Saved/Logs/UE4CC-Windows-6C74E6874C16A9A612C751AE9859C2F6/
[2017.05.22-21.35.02:801][137]LogMetaData: Removing '/Game/Enemy/EnemyAnimBlueprint.SKEL_EnemyAnimBlueprint_C:ExecuteUbergraph_EnemyAnimBlueprint' ref from Metadata '/Game/AnimStarterPack/EnemyAnimBlueprint.PackageMetaData'
[2017.05.22-21.35.02:801][137]LogMetaData: Removing '/Game/Enemy/EnemyAnimBlueprint.SKEL_EnemyAnimBlueprint_C:BlueprintUpdateAnimation' ref from Metadata '/Game/AnimStarterPack/EnemyAnimBlueprint.PackageMetaData'
[2017.05.22-21.35.02:801][137]LogMetaData: Removing '/Game/Enemy/EnemyAnimBlueprint.SKEL_EnemyAnimBlueprint_C:Speed' ref from Metadata '/Game/AnimStarterPack/EnemyAnimBlueprint.PackageMetaData'
[2017.05.22-21.35.02:801][137]LogMetaData: Removing '/Game/Enemy/EnemyAnimBlueprint.SKEL_EnemyAnimBlueprint_C:Direction' ref from Metadata '/Game/AnimStarterPack/EnemyAnimBlueprint.PackageMetaData'
[2017.05.22-21.35.02:801][137]LogMetaData: Removing '/Game/Enemy/EnemyAnimBlueprint.SKEL_EnemyAnimBlueprint_C:Enable Jump' ref from Metadata '/Game/AnimStarterPack/EnemyAnimBlueprint.PackageMetaData'
[2017.05.22-21.35.02:801][137]LogMetaData: Removing '/Game/Enemy/EnemyAnimBlueprint.SKEL_EnemyAnimBlueprint_C:Jumping' ref from Metadata '/Game/AnimStarterPack/EnemyAnimBlueprint.PackageMetaData'
[2017.05.22-21.35.02:801][137]LogMetaData: Removing '/Game/Enemy/EnemyAnimBlueprint.SKEL_EnemyAnimBlueprint_C:Crouching' ref from Metadata '/Game/AnimStarterPack/EnemyAnimBlueprint.PackageMetaData'
[2017.05.22-21.35.02:801][137]LogMetaData: Removing '/Game/Enemy/EnemyAnimBlueprint.SKEL_EnemyAnimBlueprint_C' ref from Metadata '/Game/AnimStarterPack/EnemyAnimBlueprint.PackageMetaData'
[2017.05.22-21.35.02:801][137]LogMetaData: Removing '/Game/Enemy/EnemyAnimBlueprint.EnemyAnimBlueprint_C' ref from Metadata '/Game/AnimStarterPack/EnemyAnimBlueprint.PackageMetaData'
[2017.05.22-21.35.02:801][137]LogMetaData: Removing '/Game/Enemy/EnemyAnimBlueprint.EnemyAnimBlueprint_C:Crouching' ref from Metadata '/Game/AnimStarterPack/EnemyAnimBlueprint.PackageMetaData'
[2017.05.22-21.35.02:801][137]LogMetaData: Removing '/Game/Enemy/EnemyAnimBlueprint.EnemyAnimBlueprint_C:Jumping' ref from Metadata '/Game/AnimStarterPack/EnemyAnimBlueprint.PackageMetaData'
[2017.05.22-21.35.02:801][137]LogMetaData: Removing '/Game/Enemy/EnemyAnimBlueprint.EnemyAnimBlueprint_C:Enable Jump' ref from Metadata '/Game/AnimStarterPack/EnemyAnimBlueprint.PackageMetaData'
[2017.05.22-21.35.02:801][137]LogMetaData: Removing '/Game/Enemy/EnemyAnimBlueprint.EnemyAnimBlueprint_C:Direction' ref from Metadata '/Game/AnimStarterPack/EnemyAnimBlueprint.PackageMetaData'
[2017.05.22-21.35.02:801][137]LogMetaData: Removing '/Game/Enemy/EnemyAnimBlueprint.EnemyAnimBlueprint_C:Speed' ref from Metadata '/Game/AnimStarterPack/EnemyAnimBlueprint.PackageMetaData'
[2017.05.22-21.35.02:801][137]LogMetaData: Removing '/Game/Enemy/EnemyAnimBlueprint.EnemyAnimBlueprint_C:BlueprintUpdateAnimation' ref from Metadata '/Game/AnimStarterPack/EnemyAnimBlueprint.PackageMetaData'
[2017.05.22-21.35.02:801][137]LogMetaData: Removing '/Game/Enemy/EnemyAnimBlueprint.EnemyAnimBlueprint_C:ExecuteUbergraph_EnemyAnimBlueprint' ref from Metadata '/Game/AnimStarterPack/EnemyAnimBlueprint.PackageMetaData'
[2017.05.22-21.35.02:848][137]Cmd: OBJ SAVEPACKAGE PACKAGE="/Game/Enemy/EnemyAnimBlueprint" FILE="../../../../../../UnrealProjects/CharacterMechanics/Content/Enemy/EnemyAnimBlueprint.uasset" SILENT=true
[2017.05.22-21.35.02:935][137]LogSavePackage: Save=85.68ms
[2017.05.22-21.35.02:935][137]LogSavePackage: Moving '../../../../../../UnrealProjects/CharacterMechanics/Saved/EnemyAnimBlueprint5503C95144A66D868CC989BF47432867.tmp' to '../../../../../../UnrealProjects/CharacterMechanics/Content/Enemy/EnemyAnimBlueprint.uasset'
[2017.05.22-21.35.02:937][137]LogSavePackage:Display: Finished SavePackage ../../../../../../UnrealProjects/CharacterMechanics/Content/Enemy/EnemyAnimBlueprint.uasset
[2017.05.22-21.35.07:237][343]LogContentBrowser: Native class hierarchy updated for 'SkeletonEditor' in 0.0009 seconds. Added 1 classes and 2 folders.
[2017.05.22-21.35.07:513][343]LogActorComponent: RegisterComponentWithWorld: (/Engine/Transient.World_12:PersistentLevel.Actor_0.DebugSkelMeshComponent_0) Already registered. Aborting.
[2017.05.22-21.35.07:740][343]LogSkeletalMesh: USkeletalMeshComponent::InitArticulated : Bodies already created (/Engine/Transient.World_12:PersistentLevel.Actor_0.DebugSkelMeshComponent_0) - call TermArticulated first.
[2017.05.22-21.35.37:897][917]LogSlate:Warning: Prevented a slow task dialog from being summoned while a context menu was open
[2017.05.22-21.35.43:310][ 93]BlueprintLog: New page: Compile EnemyCharacter1
[2017.05.22-21.35.43:332][ 93]LogBlueprint:Warning: [Compiler EnemyCharacter1] Warning InputAction Event references unknown Action 'Crouch' for  InputAction Crouch
[2017.05.22-21.35.43:640][ 93]BlueprintEditorCompileResults:Warning: Warning InputAction Event references unknown Action 'Crouch' for  InputAction Crouch
[2017.05.22-21.35.43:641][ 93]LogBlueprint:Warning: [Compiler EnemyCharacter1] Warning [1556.11] Compile of EnemyCharacter1 successful, but with 1 Warning(s) [in 330 ms] (/Game/Enemy/EnemyCharacter1.EnemyCharacter1)
[2017.05.22-21.35.44:652][139]BlueprintLog: New page: Compile EnemyCharacter1
[2017.05.22-21.35.44:680][139]LogBlueprint:Warning: [Compiler EnemyCharacter1] Warning InputAction Event references unknown Action 'Crouch' for  InputAction Crouch
[2017.05.22-21.35.44:836][139]BlueprintEditorCompileResults:Warning: Warning InputAction Event references unknown Action 'Crouch' for  InputAction Crouch
[2017.05.22-21.35.44:836][139]LogBlueprint:Warning: [Compiler EnemyCharacter1] Warning [1557.31] Compile of EnemyCharacter1 successful, but with 1 Warning(s) [in 183 ms] (/Game/Enemy/EnemyCharacter1.EnemyCharacter1)
[2017.05.22-21.36.06:651][572]BlueprintLog: New page: Compile EnemyCharacter1
[2017.05.22-21.36.41:726][227]BlueprintLog: New page: Compile EnemyCharacter1
[2017.05.22-21.36.47:845][438]BlueprintLog: New page: Compile EnemyCharacter1
[2017.05.22-21.36.53:683][624]BlueprintLog: New page: Compile ThirdPersonCharacter
[2017.05.22-21.37.30:594][145]BlueprintLog: New page: Compile EnemyCharacter1
[2017.05.22-21.37.55:941][475]BlueprintLog: New page: Compile EnemyCharacter1
[2017.05.22-21.38.23:134][881]LogSavePackage: Save=194.34ms
[2017.05.22-21.38.23:134][881]LogSavePackage: Moving '../../../../../../UnrealProjects/CharacterMechanics/Saved/TestLevel_Auto278EE3CE942BBBDF6FE68469E46655713.tmp' to '../../../../../../UnrealProjects/CharacterMechanics/Saved/Autosaves/Game/ThirdPersonBP/Maps/TestLevel_Auto2.umap'
[2017.05.22-21.38.23:135][881]LogSavePackage:Display: Finished SavePackage ../../../../../../UnrealProjects/CharacterMechanics/Saved/Autosaves/Game/ThirdPersonBP/Maps/TestLevel_Auto2.umap
[2017.05.22-21.38.23:137][881]LogFileHelpers: Editor autosave (incl. sublevels) for '/Game/ThirdPersonBP/Maps/TestLevel' took 0.256
[2017.05.22-21.38.23:137][881]LogFileHelpers: Editor autosave (incl. sublevels) for all levels took 0.256
[2017.05.22-21.38.23:139][881]OBJ SavePackage: Generating thumbnails for [1] asset(s) in package [/Game/ThirdPersonBP/Blueprints/ThirdPersonCharacter] ([1] browsable assets)...
[2017.05.22-21.38.23:167][881]OBJ SavePackage:     Rendered thumbnail for [Blueprint /Game/ThirdPersonBP/Blueprints/ThirdPersonCharacter.ThirdPersonCharacter]
[2017.05.22-21.38.23:167][881]OBJ SavePackage: Finished generating thumbnails for package [/Game/ThirdPersonBP/Blueprints/ThirdPersonCharacter]
[2017.05.22-21.38.23:368][881]LogSavePackage: Save=194.73ms
[2017.05.22-21.38.23:368][881]LogSavePackage: Moving '../../../../../../UnrealProjects/CharacterMechanics/Saved/ThirdPersonCharacter_Auto240E7AC2444C1D392B112E396624DA1E8.tmp' to '../../../../../../UnrealProjects/CharacterMechanics/Saved/Autosaves/Game/ThirdPersonBP/Blueprints/ThirdPersonCharacter_Auto2.uasset'
[2017.05.22-21.38.23:369][881]LogSavePackage:Display: Finished SavePackage ../../../../../../UnrealProjects/CharacterMechanics/Saved/Autosaves/Game/ThirdPersonBP/Blueprints/ThirdPersonCharacter_Auto2.uasset
[2017.05.22-21.38.23:370][881]OBJ SavePackage: Generating thumbnails for [0] asset(s) in package [/Game/Library/PlayerLib] ([1] browsable assets)...
[2017.05.22-21.38.23:370][881]OBJ SavePackage: Finished generating thumbnails for package [/Game/Library/PlayerLib]
[2017.05.22-21.38.23:370][881]Cmd: OBJ SAVEPACKAGE PACKAGE="/Game/Library/PlayerLib" FILE="../../../../../../UnrealProjects/CharacterMechanics/Saved/Autosaves/Game/Library/PlayerLib_Auto2.uasset" SILENT=false AUTOSAVING=true
[2017.05.22-21.38.23:381][881]LogSavePackage: Save=9.90ms
[2017.05.22-21.38.23:381][881]LogSavePackage: Moving '../../../../../../UnrealProjects/CharacterMechanics/Saved/PlayerLib_Auto29D3D76514124B3231B38BCB13F3E0074.tmp' to '../../../../../../UnrealProjects/CharacterMechanics/Saved/Autosaves/Game/Library/PlayerLib_Auto2.uasset'
[2017.05.22-21.38.23:381][881]LogSavePackage:Display: Finished SavePackage ../../../../../../UnrealProjects/CharacterMechanics/Saved/Autosaves/Game/Library/PlayerLib_Auto2.uasset
[2017.05.22-21.38.23:382][881]OBJ SavePackage: Generating thumbnails for [1] asset(s) in package [/Game/Enemy/EnemyCharacter1] ([1] browsable assets)...
[2017.05.22-21.38.23:388][881]OBJ SavePackage:     Rendered thumbnail for [Blueprint /Game/Enemy/EnemyCharacter1.EnemyCharacter1]
[2017.05.22-21.38.23:388][881]OBJ SavePackage: Finished generating thumbnails for package [/Game/Enemy/EnemyCharacter1]
[2017.05.22-21.38.23:388][881]Cmd: OBJ SAVEPACKAGE PACKAGE="/Game/Enemy/EnemyCharacter1" FILE="../../../../../../UnrealProjects/CharacterMechanics/Saved/Autosaves/Game/Enemy/EnemyCharacter1_Auto2.uasset" SILENT=false AUTOSAVING=true
[2017.05.22-21.38.23:424][881]LogSavePackage: Save=27.77ms
[2017.05.22-21.38.23:424][881]LogSavePackage: Moving '../../../../../../UnrealProjects/CharacterMechanics/Saved/EnemyCharacter1_Auto28F908CE7444ACCA46CE61B9543B5FC22.tmp' to '../../../../../../UnrealProjects/CharacterMechanics/Saved/Autosaves/Game/Enemy/EnemyCharacter1_Auto2.uasset'
[2017.05.22-21.38.23:425][881]LogSavePackage:Display: Finished SavePackage ../../../../../../UnrealProjects/CharacterMechanics/Saved/Autosaves/Game/Enemy/EnemyCharacter1_Auto2.uasset
[2017.05.22-21.38.23:425][881]LogFileHelpers: Auto-saving content packages took 0.286
[2017.05.22-21.39.10:835][974]BlueprintLog: New page: Compile EnemyCharacter1
[2017.05.22-21.39.59:396][832]Cmd: OBJ SAVEPACKAGE PACKAGE="/Game/Enums/PlayerState" FILE="../../../../../../UnrealProjects/CharacterMechanics/Content/Enums/PlayerState.uasset" SILENT=true
[2017.05.22-21.39.59:406][832]LogSavePackage: Save=5.94ms
[2017.05.22-21.39.59:406][832]LogSavePackage: Moving '../../../../../../UnrealProjects/CharacterMechanics/Saved/PlayerState0CD61FDC473DD18023027D9336236A1A.tmp' to '../../../../../../UnrealProjects/CharacterMechanics/Content/Enums/PlayerState.uasset'
[2017.05.22-21.39.59:415][832]LogSavePackage:Display: Finished SavePackage ../../../../../../UnrealProjects/CharacterMechanics/Content/Enums/PlayerState.uasset
[2017.05.22-21.40.40:014][706]BlueprintLog: New page: Compile EnemyHealth
[2017.05.22-21.42.48:786][ 59]BlueprintLog: New page: Compile EnemyHealth
[2017.05.22-21.44.31:771][963]BlueprintLog: New page: Compile EnemyHealth
[2017.05.22-21.45.02:058][  8]BlueprintLog: New page: Compile EnemyHealth
[2017.05.22-21.45.39:331][393]SourceControl: Info fatal: D:/Program Files/Epic Games/UE_4.15/Engine/Content/: 'D:/Program Files/Epic Games/UE_4.15/Engine/Content/' is outside repository
[2017.05.22-21.45.41:694][393]Cmd: OBJ SAVEPACKAGE PACKAGE="/Game/Enemy/EnemyCharacter1" FILE="../../../../../../UnrealProjects/CharacterMechanics/Content/Enemy/EnemyCharacter1.uasset" SILENT=true
[2017.05.22-21.45.41:736][393]LogSavePackage: Save=31.85ms
[2017.05.22-21.45.41:736][393]LogSavePackage: Moving '../../../../../../UnrealProjects/CharacterMechanics/Saved/EnemyCharacter161AC66714D520B9A0762DE966105DC00.tmp' to '../../../../../../UnrealProjects/CharacterMechanics/Content/Enemy/EnemyCharacter1.uasset'
[2017.05.22-21.45.41:743][393]LogSavePackage:Display: Finished SavePackage ../../../../../../UnrealProjects/CharacterMechanics/Content/Enemy/EnemyCharacter1.uasset
[2017.05.22-21.45.41:930][393]LogSavePackage: Save=146.48ms
[2017.05.22-21.45.41:931][393]LogSavePackage: Moving '../../../../../../UnrealProjects/CharacterMechanics/Saved/ThirdPersonCharacterF6A04F8943150A150BC16D8C94F69D98.tmp' to '../../../../../../UnrealProjects/CharacterMechanics/Content/ThirdPersonBP/Blueprints/ThirdPersonCharacter.uasset'
[2017.05.22-21.45.41:938][393]LogSavePackage:Display: Finished SavePackage ../../../../../../UnrealProjects/CharacterMechanics/Content/ThirdPersonBP/Blueprints/ThirdPersonCharacter.uasset
[2017.05.22-21.45.42:257][393]LogSavePackage: Save=207.06ms
[2017.05.22-21.45.42:257][393]LogSavePackage: Moving '../../../../../../UnrealProjects/CharacterMechanics/Saved/TestLevel0B1989B047EAABD30C1027B9E0C223C2.tmp' to '../../../../../../UnrealProjects/CharacterMechanics/Content/ThirdPersonBP/Maps/TestLevel.umap'
[2017.05.22-21.45.42:264][393]LogSavePackage:Display: Finished SavePackage ../../../../../../UnrealProjects/CharacterMechanics/Content/ThirdPersonBP/Maps/TestLevel.umap
[2017.05.22-21.45.42:303][393]LogFileHelpers: Saving map 'TestLevel' took 0.362
[2017.05.22-21.45.42:372][393]LogPackageName:Error: Illegal call to DoesPackageExist: '../../../../../../UnrealProjects/CharacterMechanics/CharacterMechanics.uproject' is not a standard unreal filename or a long path name. Reason: Path should be no less than 4 characters long.
[2017.05.22-21.45.43:295][393]LogStats: FPlatformStackWalk::StackWalkAndDump -  0.915 s
[2017.05.22-21.45.43:295][393]LogOutputDevice:Error: === Handled ensure: ===
[2017.05.22-21.45.43:295][393]LogOutputDevice:Error: 
[2017.05.22-21.45.43:295][393]LogOutputDevice:Error: Ensure condition failed: false [File:D:\Build\++UE4+Release-4.15+Compile\Sync\Engine\Source\Runtime\CoreUObject\Private\Misc\PackageName.cpp] [Line: 650]
[2017.05.22-21.45.43:295][393]LogOutputDevice:Error: Illegal call to DoesPackageExist: '../../../../../../UnrealProjects/CharacterMechanics/CharacterMechanics.uproject' is not a standard unreal filename or a long path name. Reason: Path should be no less than 4 characters long.
[2017.05.22-21.45.43:295][393]LogOutputDevice:Error: Stack: 
[2017.05.22-21.45.43:295][393]LogOutputDevice:Error: UE4Editor-Core.dll!0x00000000B8DF95E6
[2017.05.22-21.45.43:295][393]LogOutputDevice:Error: UE4Editor-Core.dll!0x00000000B8BA9B82
[2017.05.22-21.45.43:295][393]LogOutputDevice:Error: UE4Editor-Core.dll!0x00000000B8BBB666
[2017.05.22-21.45.43:295][393]LogOutputDevice:Error: UE4Editor-CoreUObject.dll!0x00000000B858A6E8
[2017.05.22-21.45.43:295][393]LogOutputDevice:Error: UE4Editor-SourceControl.dll!0x00000000AE4E3D22
[2017.05.22-21.45.43:295][393]LogOutputDevice:Error: UE4Editor-SourceControl.dll!0x00000000AE4E3EB9
[2017.05.22-21.45.43:295][393]LogOutputDevice:Error: UE4Editor-SourceControlWindows.dll!0x00000000ACB11D2E
[2017.05.22-21.45.43:295][393]LogOutputDevice:Error: UE4Editor-SourceControlWindows.dll!0x00000000ACACB4B5
[2017.05.22-21.45.43:295][393]LogOutputDevice:Error: UE4Editor-SourceControlWindows.dll!0x00000000ACACAA8D
[2017.05.22-21.45.43:295][393]LogOutputDevice:Error: UE4Editor-SourceControlWindows.dll!0x00000000ACADF274
[2017.05.22-21.45.43:295][393]LogOutputDevice:Error: UE4Editor-GitSourceControl.dll!0x00000000A172B851
[2017.05.22-21.45.43:295][393]LogOutputDevice:Error: UE4Editor-GitSourceControl.dll!0x00000000A173D1ED
[2017.05.22-21.45.43:296][393]LogOutputDevice:Error: UE4Editor-SourceControl.dll!0x00000000AE4E9C5C
[2017.05.22-21.45.43:296][393]LogOutputDevice:Error: UE4Editor-UnrealEd.dll!0x00000000B28C7517
[2017.05.22-21.45.43:296][393]LogOutputDevice:Error: UE4Editor-UnrealEd.dll!0x00000000B30D2156
[2017.05.22-21.45.43:296][393]LogOutputDevice:Error: UE4Editor.exe!0x000000009B13DEE3
[2017.05.22-21.45.43:296][393]LogOutputDevice:Error: UE4Editor.exe!0x000000009B12EB40
[2017.05.22-21.45.43:296][393]LogOutputDevice:Error: UE4Editor.exe!0x000000009B12EBBA
[2017.05.22-21.45.43:296][393]LogOutputDevice:Error: UE4Editor.exe!0x000000009B140A29
[2017.05.22-21.45.43:296][393]LogOutputDevice:Error: UE4Editor.exe!0x000000009B1422B6
[2017.05.22-21.45.43:296][393]LogOutputDevice:Error: KERNEL32.DLL!0x000000000A3B8364
[2017.05.22-21.45.43:296][393]LogOutputDevice:Error: ntdll.dll!0x000000000C0570D1
[2017.05.22-21.45.43:296][393]LogOutputDevice:Error: 
[2017.05.22-21.45.43:300][393]LogStats:                SubmitErrorReport -  0.000 s
