Log file open, 05/22/17 13:00:21
LogInit:Display: Running engine for game: CharacterMechanics
LogPlatformFile: Not using cached read wrapper
LogInit:Display: RandInit(549170501) SRandInit(549170501).
LogTaskGraph: Started task graph with 5 named threads and 6 total threads with 1 sets of task threads.
LogStats: Stats thread started at 0.064951
LogInit: Using libcurl 7.47.1
LogInit:  - built for x86_64-pc-win32
LogInit:  - supports SSL with OpenSSL/1.0.2g
LogInit:  - supports HTTP deflate (compression) using libz 1.2.8
LogInit:  - other features:
LogInit:      CURL_VERSION_SSL
LogInit:      CURL_VERSION_LIBZ
LogInit:      CURL_VERSION_IPV6
LogInit:      CURL_VERSION_ASYNCHDNS
LogInit:      CURL_VERSION_LARGEFILE
LogInit:      CURL_VERSION_IDN
LogInit:  CurlRequestOptions (configurable via config and command line):
LogInit:  - bVerifyPeer = false  - Libcurl will NOT verify peer certificate
LogInit:  - bUseHttpProxy = false  - Libcurl will NOT use HTTP proxy
LogInit:  - bDontReuseConnections = false  - Libcurl will reuse connections
LogInit:  - CertBundlePath = nullptr  - Libcurl will use whatever was configured at build time.
LogInit: Build: ++UE4+Release-4.15-CL-3416026
LogInit: Engine Version: 4.15.2-3416026+++UE4+Release-4.15
LogInit: Compatible Engine Version: 4.15.0-3299760+++UE4+Release-4.15
LogInit: Net CL: 3299760
LogDevObjectVersion: Number of dev versions registered: 14
LogDevObjectVersion:   Dev-Blueprints (B0D832E4-1F89-4F0D-ACCF-7EB736FD4AA2): 8
LogDevObjectVersion:   Dev-Build (E1C64328-A22C-4D53-A36C-8E866417BD8C): 0
LogDevObjectVersion:   Dev-Core (375EC13C-06E4-48FB-B500-84F0262A717E): 2
LogDevObjectVersion:   Dev-Editor (E4B068ED-F494-42E9-A231-DA0B2E46BB41): 14
LogDevObjectVersion:   Dev-Framework (CFFC743F-43B0-4480-9391-14DF171D2073): 22
LogDevObjectVersion:   Dev-Mobile (B02B49B5-BB20-44E9-A304-32B752E40360): 0
LogDevObjectVersion:   Dev-Networking (A4E4105C-59A1-49B5-A7C5-40C4547EDFEE): 0
LogDevObjectVersion:   Dev-Online (39C831C9-5AE6-47DC-9A44-9C173E1C8E7C): 0
LogDevObjectVersion:   Dev-Physics (78F01B33-EBEA-4F98-B9B4-84EACCB95AA2): 0
LogDevObjectVersion:   Dev-Platform (6631380F-2D4D-43E0-8009-CF276956A95A): 0
LogDevObjectVersion:   Dev-Rendering (12F88B9F-8875-4AFC-A67C-D90C383ABD29): 12
LogDevObjectVersion:   Dev-Sequencer (7B5AE74C-D270-4C10-A958-57980B212A5A): 3
LogDevObjectVersion:   Dev-VR (D7296918-1DD6-4BDD-9DE2-64A83CC13884): 0
LogDevObjectVersion:   Dev-LoadTimes (C2A15278-BFE7-4AFE-6C17-90FF531DF755): 1
LogInit: Compiled (64-bit): May  1 2017 13:11:28
LogInit: Compiled with Visual C++: 19.00.23026.00
LogInit: Build Configuration: Development
LogInit: Branch Name: ++UE4+Release-4.15
LogInit: Command line: 
LogInit: Base directory: D:/Program Files/Epic Games/UE_4.15/Engine/Binaries/Win64/
LogInit: Installed Engine Build: 1
LogInit: Presizing for max 8388607 objects, including 0 objects not considered by GC, pre-allocating 0 bytes for permanent pool.
LogInit: Object subsystem initialized
[2017.05.22-12.00.22:823][  0]LogInit: Selected Device Profile: [Windows]
[2017.05.22-12.00.22:823][  0]LogInit: Applying CVar settings loaded from the selected device profile: [Windows]
[2017.05.22-12.00.22:838][  0]LogInit: Computer: DESKTOP-G4ASOP6
[2017.05.22-12.00.22:838][  0]LogInit: User: User
[2017.05.22-12.00.22:838][  0]LogInit: CPU Page size=65536, Cores=2
[2017.05.22-12.00.22:838][  0]LogInit: High frequency timer resolution =2.533202 MHz
[2017.05.22-12.00.22:839][  0]LogMemory: Memory total: Physical=15.9GB (16GB approx)
[2017.05.22-12.00.22:839][  0]LogMemory: Platform Memory Stats for Windows
[2017.05.22-12.00.22:839][  0]LogMemory: Process Physical Memory: 261.64 MB used, 261.64 MB peak
[2017.05.22-12.00.22:839][  0]LogMemory: Process Virtual Memory: 262.30 MB used, 262.30 MB peak
[2017.05.22-12.00.22:839][  0]LogMemory: Physical Memory: 7259.38 MB used,  9034.54 MB free, 16293.92 MB total
[2017.05.22-12.00.22:839][  0]LogMemory: Virtual Memory: 643.09 MB used,  9034.54 MB free, 134217728.00 MB total
[2017.05.22-12.00.22:920][  0]LogTextLocalizationManager: No specific translations for ('en-US') exist, so ('en') translations will be used.
[2017.05.22-12.00.23:794][  0]LogD3D11RHI: D3D11 adapters:
[2017.05.22-12.00.23:844][  0]LogD3D11RHI:    0. 'NVIDIA GeForce GTX 750 Ti' (Feature Level 11_0)
[2017.05.22-12.00.23:844][  0]LogD3D11RHI:       2019/0/8146 MB DedicatedVideo/DedicatedSystem/SharedSystem, Outputs:1, VendorId:0x10de
[2017.05.22-12.00.23:850][  0]LogD3D11RHI:    1. 'Intel(R) HD Graphics Family' (Feature Level 11_0)
[2017.05.22-12.00.23:850][  0]LogD3D11RHI:       112/0/2048 MB DedicatedVideo/DedicatedSystem/SharedSystem, Outputs:1, VendorId:0x8086
[2017.05.22-12.00.23:852][  0]LogD3D11RHI:    2. 'Microsoft Basic Render Driver' (Feature Level 11_0)
[2017.05.22-12.00.23:852][  0]LogD3D11RHI:       0/0/8146 MB DedicatedVideo/DedicatedSystem/SharedSystem, Outputs:0, VendorId:0x1414
[2017.05.22-12.00.23:853][  0]LogD3D11RHI:    3. 'Microsoft Basic Render Driver' (Feature Level 11_0)
[2017.05.22-12.00.23:854][  0]LogD3D11RHI:       0/0/8146 MB DedicatedVideo/DedicatedSystem/SharedSystem, Outputs:0, VendorId:0x1414
[2017.05.22-12.00.23:854][  0]LogD3D11RHI: Chosen D3D11 Adapter: 0
[2017.05.22-12.00.23:860][  0]LogD3D11RHI: Creating new Direct3DDevice
[2017.05.22-12.00.23:860][  0]LogD3D11RHI:     GPU DeviceId: 0x1392 (for the marketing name, search the web for "GPU Device Id")
[2017.05.22-12.00.23:860][  0]LogWindows: EnumDisplayDevices:
[2017.05.22-12.00.23:860][  0]LogWindows:    0. 'Intel(R) HD Graphics Family' (P:1 D:1)
[2017.05.22-12.00.23:860][  0]LogWindows:    1. 'Intel(R) HD Graphics Family' (P:0 D:0)
[2017.05.22-12.00.23:860][  0]LogWindows:    2. 'Intel(R) HD Graphics Family' (P:0 D:0)
[2017.05.22-12.00.23:860][  0]LogWindows:    3. 'DisplayLink USB Device' (P:0 D:1)
[2017.05.22-12.00.23:860][  0]LogWindows: DebugString: PrimaryIsNotTheChoosenAdapter PrimaryIsNotTheChoosenAdapter PrimaryIsNotTheChoosenAdapter GetVideoDriverDetailsInvalid PrimaryIsNotTheChoosenAdapter FoundDriverCount:0 
[2017.05.22-12.00.23:860][  0]LogD3D11RHI:     Adapter Name: NVIDIA GeForce GTX 750 Ti
[2017.05.22-12.00.23:860][  0]LogD3D11RHI:   Driver Version: Unknown (internal:Unknown, unified:Unknown)
[2017.05.22-12.00.23:860][  0]LogD3D11RHI:      Driver Date: Unknown
[2017.05.22-12.00.23:860][  0]LogRHI: Texture pool is 1361 MB (70% of 1945 MB)
[2017.05.22-12.00.23:890][  0]LogD3D11RHI: [Aftermath] Aftermath enabled and primed
[2017.05.22-12.00.23:890][  0]LogD3D11RHI: Async texture creation enabled
[2017.05.22-12.00.23:902][  0]LogD3D11RHI: GPU Timing Frequency: 1000.000000 (Debug: 2 1)
[2017.05.22-12.00.23:904][  0]LogShaderCompilers: Guid format shader working directory is -6 characters bigger than the processId version (../../../../../../UnrealProjects/CharacterMechanics/Intermediate/Shaders/WorkingDirectory/7832/).
[2017.05.22-12.00.23:904][  0]LogShaderCompilers: Cleaned the shader compiler working directory 'C:/Users/User/AppData/Local/Temp/UnrealShaderWorkingDir/B8CCCEE44B7E76541C89768CAC8D4F84/'.
[2017.05.22-12.00.23:904][  0]LogShaderCompilers:Display: Using Local Shader Compiler.
[2017.05.22-12.00.25:421][  0]LogTemp:Display: Loaded TP AllDesktopTargetPlatform
[2017.05.22-12.00.25:497][  0]LogTemp:Display: Loaded TP MacClientTargetPlatform
[2017.05.22-12.00.25:562][  0]LogTemp:Display: Loaded TP MacNoEditorTargetPlatform
[2017.05.22-12.00.25:624][  0]LogTemp:Display: Loaded TP MacServerTargetPlatform
[2017.05.22-12.00.25:684][  0]LogTemp:Display: Loaded TP MacTargetPlatform
[2017.05.22-12.00.25:746][  0]LogTemp:Display: Loaded TP WindowsClientTargetPlatform
[2017.05.22-12.00.25:828][  0]LogTemp:Display: Loaded TP WindowsNoEditorTargetPlatform
[2017.05.22-12.00.25:901][  0]LogTemp:Display: Loaded TP WindowsServerTargetPlatform
[2017.05.22-12.00.25:948][  0]LogTemp:Display: Loaded TP WindowsTargetPlatform
[2017.05.22-12.00.26:016][  0]LogTemp:Display: Loaded TP AndroidTargetPlatform
[2017.05.22-12.00.26:073][  0]LogTemp:Display: Loaded TP Android_ASTCTargetPlatform
[2017.05.22-12.00.26:147][  0]LogTemp:Display: Loaded TP Android_ATCTargetPlatform
[2017.05.22-12.00.26:205][  0]LogTemp:Display: Loaded TP Android_DXTTargetPlatform
[2017.05.22-12.00.26:257][  0]LogTemp:Display: Loaded TP Android_ETC1TargetPlatform
[2017.05.22-12.00.26:321][  0]LogTemp:Display: Loaded TP Android_ETC2TargetPlatform
[2017.05.22-12.00.26:525][  0]LogTemp:Display: Loaded TP Android_MultiTargetPlatform
[2017.05.22-12.00.26:525][  0]LogTemp:Display: Loaded TP Android_PVRTCTargetPlatform
[2017.05.22-12.00.26:581][  0]LogTemp:Display: Loaded TP HTML5TargetPlatform
[2017.05.22-12.00.26:698][  0]LogTemp:Display: Loaded TP IOSTargetPlatform
[2017.05.22-12.00.26:735][  0]LogTemp:Display: Loaded TP TVOSTargetPlatform
[2017.05.22-12.00.26:787][  0]LogTemp:Display: Loaded TP LinuxClientTargetPlatform
[2017.05.22-12.00.26:840][  0]LogTemp:Display: Loaded TP LinuxNoEditorTargetPlatform
[2017.05.22-12.00.26:895][  0]LogTemp:Display: Loaded TP LinuxServerTargetPlatform
[2017.05.22-12.00.26:950][  0]LogTemp:Display: Loaded TP LinuxTargetPlatform
[2017.05.22-12.00.26:950][  0]LogTargetPlatformManager:Display: Building Assets For Windows
[2017.05.22-12.00.27:517][  0]LogDerivedDataCache:Display: Max Cache Size: 512 MB
[2017.05.22-12.00.27:582][  0]LogDerivedDataCache: Loaded boot cache 0.06s 50MB C:/Users/User/AppData/Local/UnrealEngine/4.15/DerivedDataCache/Boot.ddc.
[2017.05.22-12.00.27:582][  0]LogDerivedDataCache:Display: Loaded Boot cache: C:/Users/User/AppData/Local/UnrealEngine/4.15/DerivedDataCache/Boot.ddc
[2017.05.22-12.00.27:582][  0]LogDerivedDataCache: FDerivedDataBackendGraph:  Pak pak cache file ../../../../../../UnrealProjects/CharacterMechanics/DerivedDataCache/DDC.ddp not found, will not use a pak cache.
[2017.05.22-12.00.27:582][  0]LogDerivedDataCache: Unable to find inner node Pak for hierarchical cache Hierarchy.
[2017.05.22-12.00.27:582][  0]LogDerivedDataCache: FDerivedDataBackendGraph:  CompressedPak pak cache file ../../../../../../UnrealProjects/CharacterMechanics/DerivedDataCache/Compressed.ddp not found, will not use a pak cache.
[2017.05.22-12.00.27:582][  0]LogDerivedDataCache: Unable to find inner node CompressedPak for hierarchical cache Hierarchy.
[2017.05.22-12.00.27:617][  0]LogDerivedDataCache:Display: Pak cache opened for reading ../../../Engine/DerivedDataCache/Compressed.ddp.
[2017.05.22-12.00.27:630][  0]LogDerivedDataCache: Using Local data cache path C:/Users/User/AppData/Local/UnrealEngine/Common/DerivedDataCache: Writable
[2017.05.22-12.00.27:643][  0]LogSlate: Using Freetype 2.6.0
[2017.05.22-12.00.27:644][  0]LogSlate: SlateFontCache - WITH_FREETYPE: 1, WITH_HARFBUZZ: 1
[2017.05.22-12.00.27:644][  0]LogSlate: SlateFontCache - WITH_FREETYPE: 1, WITH_HARFBUZZ: 1
[2017.05.22-12.00.28:094][  0]LogInit: Selected Device Profile: [Windows]
[2017.05.22-12.00.28:096][  0]LogContentStreaming: Texture pool size is 0.00 MB
[2017.05.22-12.00.28:348][  0]LogMeshUtilities: Using QuadricMeshReduction for automatic static mesh reduction
[2017.05.22-12.00.28:408][  0]LogSimplygon: Simplygon DLL not present - disabling.
[2017.05.22-12.00.28:447][  0]LogMeshUtilities: Using SimplygonSwarm for distributed automatic mesh merging
[2017.05.22-12.00.28:447][  0]LogMeshUtilities: No automatic skeletal mesh reduction module available
[2017.05.22-12.00.28:447][  0]LogMeshUtilities: No automatic mesh merging module available
[2017.05.22-12.00.29:113][  0]LogNetVersion: GetLocalNetworkVersion: CL: 3299760, ProjectName: charactermechanics, ProjectVersion: , EngineNetworkVersion: 2, GameNetworkVersion: 0, NetworkChecksum: 3227079887
[2017.05.22-12.00.29:165][  0]LogAssetRegistry: FAssetRegistry took 0.0239 seconds to start up
[2017.05.22-12.00.29:234][  0]LogPackageLocalizationCache: Processed 3 localized package path(s) for 2 prioritized culture(s) in 0.038885 seconds
[2017.05.22-12.00.29:246][  0]LogUObjectArray: 32493 objects as part of root set at end of initial load.
[2017.05.22-12.00.29:246][  0]LogUObjectAllocator: 7077024 out of 0 bytes used by permanent object pool.
[2017.05.22-12.00.29:246][  0]LogUObjectArray: CloseDisregardForGC: 0/0 objects in disregard for GC pool
[2017.05.22-12.00.29:335][  0]LogInit: WinSock: version 1.1 (2.2), MaxSocks=32767, MaxUdp=65467
[2017.05.22-12.00.31:348][  0]LogTcpMessaging: Initializing TcpMessaging bridge
[2017.05.22-12.00.31:388][  0]LogUdpMessaging: Initializing bridge on interface 0.0.0.0:0 to multicast group 230.0.0.1:6666.
[2017.05.22-12.00.32:050][  0]LogMaterial: Uniform references updated for custom material expression Custom.
[2017.05.22-12.00.32:566][  0]SourceControl: Info Source control is disabled
[2017.05.22-12.00.32:608][  0]SourceControl: Info Source control is disabled
[2017.05.22-12.00.32:651][  0]SourceControl: Info Source control is disabled
[2017.05.22-12.00.32:688][  0]SourceControl: Info Source control is disabled
[2017.05.22-12.00.34:021][  0]LogEngine: Initializing Engine...
[2017.05.22-12.00.34:021][  0]LogHMD: Failed to initialize OpenVR with code 110
[2017.05.22-12.00.34:321][  0]LogStats: UGameplayTagsManager::ConstructGameplayTagTree: Construct from data asset -  0.000 s
[2017.05.22-12.00.34:321][  0]LogStats: UGameplayTagsManager::ConstructGameplayTagTree: GameplayTagTreeChangedEvent.Broadcast -  0.000 s
[2017.05.22-12.00.34:470][  0]LogAIModule: Creating AISystem for world Untitled
[2017.05.22-12.00.34:485][  0]LogInit: XAudio2 using 'Speakers (Realtek High Definition Audio)' : 2 channels at 48 kHz using 32 bits per sample (channel mask 0x3)
[2017.05.22-12.00.34:495][  0]LogInit: FAudioDevice initialized.
[2017.05.22-12.00.34:529][  0]LogDerivedDataCache: Saved boot cache 0.03s 50MB C:/Users/User/AppData/Local/UnrealEngine/4.15/DerivedDataCache/Boot.ddc.
[2017.05.22-12.00.34:536][  0]LogInit: Texture streaming: Enabled
[2017.05.22-12.00.34:622][  0]LogEngineSessionManager: EngineSessionManager initialized
[2017.05.22-12.00.34:707][  0]LogInit: Transaction tracking system initialized
[2017.05.22-12.00.35:018][  0]BlueprintLog: New page: Editor Load
[2017.05.22-12.00.36:002][  0]LocalizationService: Info Localization service is disabled
[2017.05.22-12.00.36:983][  0]LogConsoleResponse:Display: 
[2017.05.22-12.00.37:232][  0]LogCook:Display: Max memory allowance for cook 16384mb min free memory 0mb
[2017.05.22-12.00.37:232][  0]LogCook:Display: Mobile HDR setting 1
[2017.05.22-12.00.37:916][  0]LogFileCache: Scanning file cache for directory 'D:/UnrealProjects/CharacterMechanics/Content/' took 0.02s
[2017.05.22-12.00.38:305][  0]SourceControl: Info Source control is disabled
[2017.05.22-12.00.38:305][  0]Cmd: MAP LOAD FILE="../../../../../../UnrealProjects/CharacterMechanics/Content/ThirdPersonBP/Maps/ThirdPersonExampleMap.umap" TEMPLATE=0 SHOWPROGRESS=1 FEATURELEVEL=3
[2017.05.22-12.00.38:306][  0]LightingResults: New page: Lighting Build
[2017.05.22-12.00.38:342][  0]MapCheck: New page: Map Check
[2017.05.22-12.00.38:342][  0]LightingResults: New page: Lighting Build
[2017.05.22-12.00.39:216][  0]LogAIModule: Creating AISystem for world ThirdPersonExampleMap
[2017.05.22-12.00.39:270][  0]LogEditorServer: Finished looking for orphan Actors (0.000 secs)
[2017.05.22-12.00.39:271][  0]Cmd: MAP CHECKDEP NOCLEARLOG
[2017.05.22-12.00.39:338][  0]MapCheck: Info Map check complete: 0 Error(s), 0 Warning(s), took 66.857ms to complete.
[2017.05.22-12.00.39:338][  0]LogFileHelpers: Loading map 'ThirdPersonExampleMap' took 1.033
[2017.05.22-12.00.39:410][  0]LogWindowsTextInputMethodSystem:Display: IME system now deactivated.
[2017.05.22-12.00.39:579][  0]LogCollectionManager: Loaded 0 collections in 0.000921 seconds
[2017.05.22-12.00.39:674][  0]LogFileCache: Scanning file cache for directory 'D:/UnrealProjects/CharacterMechanics/Saved/Collections/' took 0.01s
[2017.05.22-12.00.39:674][  0]LogFileCache: Scanning file cache for directory 'D:/UnrealProjects/CharacterMechanics/Content/Developers/User/Collections/' took 0.01s
[2017.05.22-12.00.39:675][  0]LogFileCache: Scanning file cache for directory 'D:/UnrealProjects/CharacterMechanics/Content/Collections/' took 0.01s
[2017.05.22-12.00.39:675][  0]LogCollectionManager: Rebuilt the GUID cache for 0 collections in 0.000002 seconds
[2017.05.22-12.00.39:689][  0]LogContentBrowser: Native class hierarchy populated in 0.0138 seconds. Added 2245 classes and 453 folders.
[2017.05.22-12.00.39:749][  0]LogContentBrowser: Native class hierarchy updated for 'WidgetCarousel' in 0.0010 seconds. Added 0 classes and 0 folders.
[2017.05.22-12.00.39:794][  0]LogContentBrowser: Native class hierarchy updated for 'AddContentDialog' in 0.0006 seconds. Added 0 classes and 0 folders.
[2017.05.22-12.00.39:834][  0]LogContentBrowser: Native class hierarchy updated for 'SceneOutliner' in 0.0006 seconds. Added 1 classes and 2 folders.
[2017.05.22-12.00.39:976][  0]LogCrashTracker: Crashtracker disabled due to settings.
[2017.05.22-12.00.39:985][  0]LogUObjectGlobals:Warning: Failed to find object 'Class None.'
[2017.05.22-12.00.40:061][  0]LogContentBrowser: Native class hierarchy updated for 'HierarchicalLODOutliner' in 0.0009 seconds. Added 1 classes and 2 folders.
[2017.05.22-12.00.40:061][  0]LogLoad: (Engine Initialization) Total time: 19.52 seconds
[2017.05.22-12.00.40:061][  0]LogLoad: (Engine Initialization) Total Blueprint compile time: 0.30 seconds
[2017.05.22-12.00.40:061][  0]LogExternalProfiler: No external profilers were discovered.  External profiling features will not be available.
[2017.05.22-12.00.40:071][  0]LogOcInput: OculusInput pre-init called
[2017.05.22-12.00.40:093][  0]LogContentStreaming: Texture pool size now 1000 MB
[2017.05.22-12.00.40:094][  0]LogSlate: Took 0.000341 seconds to synchronously load lazily loaded font '../../../Engine/Content/Slate/Fonts/Roboto-Regular.ttf' (155K)
[2017.05.22-12.00.40:101][  0]LogSlate: Took 0.000379 seconds to synchronously load lazily loaded font '../../../Engine/Content/Slate/Fonts/Roboto-Bold.ttf' (160K)
[2017.05.22-12.00.40:110][  0]LogSlate: Took 0.000301 seconds to synchronously load lazily loaded font '../../../Engine/Content/Editor/Slate/Fonts/FontAwesome.ttf' (139K)
[2017.05.22-12.00.40:250][  0]LogSlate: Took 0.000300 seconds to synchronously load lazily loaded font '../../../Engine/Content/Slate/Fonts/Roboto-Light.ttf' (159K)
[2017.05.22-12.00.40:335][  0]LogRenderer: Reallocating scene render targets to support 1208x576 NumSamples 1 (Frame:2).
[2017.05.22-12.00.40:562][  2]LogAssetRegistry: Asset discovery search completed in 11.4204 seconds
[2017.05.22-12.00.40:562][  2]LogCollectionManager: Rebuilt the object cache for 0 collections in 0.000013 seconds (found 0 objects)
[2017.05.22-12.00.40:562][  2]LogCollectionManager: Fixed up redirectors for 0 collections in 0.000039 seconds (updated 0 objects)
[2017.05.22-12.00.44:789][345]Cmd: CAMERA ALIGN ACTIVEVIEWPORTONLY
[2017.05.22-12.00.44:789][345]Can't find target actor or component.
[2017.05.22-12.00.46:140][450]Cmd: CAMERA ALIGN ACTIVEVIEWPORTONLY
[2017.05.22-12.01.12:825][341]LogEditorViewport: Clicking on Actor (LMB): StaticMeshActor (Floor)
[2017.05.22-12.01.56:301][538]LogEditorViewport: Clicking on Actor (context menu): StaticMeshActor (Floor)
[2017.05.22-12.01.57:086][582]LogEditorViewport: Clicking on Actor (LMB): StaticMeshActor (Floor)
[2017.05.22-12.12.40:325][402]LogHttp:Warning: 000001C88B408B80: request failed, libcurl error: 6 (Couldn't resolve host name)
[2017.05.22-12.12.40:325][402]LogHttp:Warning: 000001C88B408B80: libcurl info message cache 0 (Found bundle for host datarouter.ol.epicgames.com: 0x1c8f19dffe8 [can pipeline])
[2017.05.22-12.12.40:325][402]LogHttp:Warning: 000001C88B408B80: libcurl info message cache 1 (Hostname in DNS cache was stale, zapped)
[2017.05.22-12.12.40:325][402]LogHttp:Warning: 000001C88B408B80: libcurl info message cache 2 (Could not resolve host: datarouter.ol.epicgames.com)
[2017.05.22-12.12.40:325][402]LogHttp:Warning: 000001C88B408B80: libcurl info message cache 3 (Closing connection 4)
[2017.05.22-12.12.57:497][452]LogHttp:Warning: 000001C88B409300: request failed, libcurl error: 6 (Couldn't resolve host name)
[2017.05.22-12.12.57:497][452]LogHttp:Warning: 000001C88B409300: libcurl info message cache 0 (Found bundle for host datarouter.ol.epicgames.com: 0x1c8f19dffe8 [can pipeline])
[2017.05.22-12.12.57:497][452]LogHttp:Warning: 000001C88B409300: libcurl info message cache 1 (Re-using existing connection! (#3) with host datarouter.ol.epicgames.com)
[2017.05.22-12.12.57:497][452]LogHttp:Warning: 000001C88B409300: libcurl info message cache 2 (Connected to datarouter.ol.epicgames.com (107.21.20.6) port 443 (#3))
[2017.05.22-12.12.57:497][452]LogHttp:Warning: 000001C88B409300: libcurl info message cache 3 (upload completely sent off: 342 out of 342 bytes)
[2017.05.22-12.12.57:497][452]LogHttp:Warning: 000001C88B409300: libcurl info message cache 4 (SSL read: error:00000000:lib(0):func(0):reason(0), errno 10054)
[2017.05.22-12.12.57:497][452]LogHttp:Warning: 000001C88B409300: libcurl info message cache 5 (Connection died, retrying a fresh connect)
[2017.05.22-12.12.57:497][452]LogHttp:Warning: 000001C88B409300: libcurl info message cache 6 (Closing connection 3)
[2017.05.22-12.12.57:497][452]LogHttp:Warning: 000001C88B409300: libcurl info message cache 7 (Issue another request to this URL: 'https://datarouter.ol.epicgames.com/datarouter/api/v1/public/data?SessionID=%7B6A7B222B-4F5B-941B-8FE4-AD83F0CAA251%7D&AppID=UEEditor.Rocket.Release&AppVersion=4.15.2-3416026%2B%2B%2BUE4%2BRelease-4.15&UserID=4ea433db432364d0efe27c9c38ade630%7C8220f44673ce4ad9a793f5b87032e76c%7C9fef0043-6bde-41c5-abb9-688a67241eb9&AppEnvironment=datacollector-binary&UploadType=eteventstream')
[2017.05.22-12.12.57:497][452]LogHttp:Warning: 000001C88B409300: libcurl info message cache 8 (Could not resolve host: datarouter.ol.epicgames.com)
[2017.05.22-12.12.57:497][452]LogHttp:Warning: 000001C88B409300: libcurl info message cache 9 (Closing connection 5)
[2017.05.22-12.13.40:604][581]LogHttp:Warning: 000001C88B408B80: request failed, libcurl error: 6 (Couldn't resolve host name)
[2017.05.22-12.13.40:604][581]LogHttp:Warning: 000001C88B408B80: libcurl info message cache 0 (Could not resolve host: datarouter.ol.epicgames.com)
[2017.05.22-12.13.40:604][581]LogHttp:Warning: 000001C88B408B80: libcurl info message cache 1 (Closing connection 6)
[2017.05.22-12.34.23:857][640]LogTemp: Repeting last play command: Selected Viewport
[2017.05.22-12.34.23:934][640]LogBlueprintUserMessages: Early PlayInEditor Detection: Level '/Game/ThirdPersonBP/Maps/ThirdPersonExampleMap.ThirdPersonExampleMap:PersistentLevel' has LevelScriptBlueprint '/Game/ThirdPersonBP/Maps/ThirdPersonExampleMap.ThirdPersonExampleMap:PersistentLevel.ThirdPersonExampleMap' with GeneratedClass '/Game/ThirdPersonBP/Maps/ThirdPersonExampleMap.ThirdPersonExampleMap_C' with ClassGeneratedBy '/Game/ThirdPersonBP/Maps/ThirdPersonExampleMap.ThirdPersonExampleMap:PersistentLevel.ThirdPersonExampleMap'
[2017.05.22-12.34.23:939][640]LogPlayLevel: PlayLevel: No blueprints needed recompiling
[2017.05.22-12.34.24:050][640]PIE: New page: PIE session: ThirdPersonExampleMap (May 22, 2017, 2:34:24 PM)
[2017.05.22-12.34.24:065][640]LogPlayLevel: Creating play world package: /Game/ThirdPersonBP/Maps/UEDPIE_0_ThirdPersonExampleMap
[2017.05.22-12.34.24:535][640]LogPlayLevel: PIE: StaticDuplicateObject took: (0.469595s)
[2017.05.22-12.34.24:536][640]LogAIModule: Creating AISystem for world ThirdPersonExampleMap
[2017.05.22-12.34.24:536][640]LogPlayLevel: PIE: World Init took: (0.001388s)
[2017.05.22-12.34.24:547][640]LogPlayLevel: PIE: Created PIE world by copying editor world from /Game/ThirdPersonBP/Maps/ThirdPersonExampleMap.ThirdPersonExampleMap to /Game/ThirdPersonBP/Maps/UEDPIE_0_ThirdPersonExampleMap.ThirdPersonExampleMap (0.485570s)
[2017.05.22-12.34.24:931][640]LogInit: XAudio2 using 'Speakers (Realtek High Definition Audio)' : 2 channels at 48 kHz using 32 bits per sample (channel mask 0x3)
[2017.05.22-12.34.24:938][640]LogInit: FAudioDevice initialized.
[2017.05.22-12.34.25:250][640]LogLoad: Game class is 'ThirdPersonGameMode_C'
[2017.05.22-12.34.25:403][640]LogWorld: Bringing World /Game/ThirdPersonBP/Maps/UEDPIE_0_ThirdPersonExampleMap.ThirdPersonExampleMap up for play (max tick rate 0) at 2017.05.22-13.34.25
[2017.05.22-12.34.25:465][640]LogWorld: Bringing up level for play took: 0.078628
[2017.05.22-12.34.32:128][640]LogContentBrowser: Native class hierarchy updated for 'MovieSceneCapture' in 0.0010 seconds. Added 11 classes and 0 folders.
[2017.05.22-12.34.32:284][640]PIE: Info Play in editor start time for /Game/ThirdPersonBP/Maps/UEDPIE_0_ThirdPersonExampleMap 7.992
[2017.05.22-12.34.32:293][640]LogBlueprintUserMessages: Late PlayInEditor Detection: Level '/Game/ThirdPersonBP/Maps/ThirdPersonExampleMap.ThirdPersonExampleMap:PersistentLevel' has LevelScriptBlueprint '/Game/ThirdPersonBP/Maps/ThirdPersonExampleMap.ThirdPersonExampleMap:PersistentLevel.ThirdPersonExampleMap' with GeneratedClass '/Game/ThirdPersonBP/Maps/ThirdPersonExampleMap.ThirdPersonExampleMap_C' with ClassGeneratedBy '/Game/ThirdPersonBP/Maps/ThirdPersonExampleMap.ThirdPersonExampleMap:PersistentLevel.ThirdPersonExampleMap'
[2017.05.22-12.35.26:702][338]LogScript:Warning: Accessed None trying to read property CallFunc_BreakHitResult_HitComponent2
	ThirdPersonCharacter_C /Game/ThirdPersonBP/Maps/UEDPIE_0_ThirdPersonExampleMap.ThirdPersonExampleMap:PersistentLevel.ThirdPersonCharacter_167
	Function /Game/ThirdPersonBP/Blueprints/ThirdPersonCharacter.ThirdPersonCharacter_C:ExecuteUbergraph_ThirdPersonCharacter:04E3
[2017.05.22-12.35.26:711][338]PIE:Error: Error Blueprint Runtime Error: Accessed None trying to read property CallFunc_BreakHitResult_HitComponent2 from function: 'ExecuteUbergraph_ThirdPersonCharacter' from node: Add Impulse in graph: EventGraph in object: ThirdPersonCharacter with description: Accessed None trying to read property CallFunc_BreakHitResult_HitComponent2
[2017.05.22-12.35.26:711][338]LogScript:Warning: Accessed None trying to read property CallFunc_BreakHitResult_HitComponent2
	ThirdPersonCharacter_C /Game/ThirdPersonBP/Maps/UEDPIE_0_ThirdPersonExampleMap.ThirdPersonExampleMap:PersistentLevel.ThirdPersonCharacter_167
	Function /Game/ThirdPersonBP/Blueprints/ThirdPersonCharacter.ThirdPersonCharacter_C:ExecuteUbergraph_ThirdPersonCharacter:05D0
[2017.05.22-12.35.26:711][338]PIE:Error: Error Blueprint Runtime Error: Accessed None trying to read property CallFunc_BreakHitResult_HitComponent2 from function: 'ExecuteUbergraph_ThirdPersonCharacter' from node: Set Collision Response to Channel in graph: EventGraph in object: ThirdPersonCharacter with description: Accessed None trying to read property CallFunc_BreakHitResult_HitComponent2
[2017.05.22-12.35.44:413][578]LogBlueprintUserMessages: Early EndPlayMap Detection: Level '/Game/ThirdPersonBP/Maps/ThirdPersonExampleMap.ThirdPersonExampleMap:PersistentLevel' has LevelScriptBlueprint '/Game/ThirdPersonBP/Maps/ThirdPersonExampleMap.ThirdPersonExampleMap:PersistentLevel.ThirdPersonExampleMap' with GeneratedClass '/Game/ThirdPersonBP/Maps/ThirdPersonExampleMap.ThirdPersonExampleMap_C' with ClassGeneratedBy '/Game/ThirdPersonBP/Maps/ThirdPersonExampleMap.ThirdPersonExampleMap:PersistentLevel.ThirdPersonExampleMap'
[2017.05.22-12.35.44:742][578]LogBlueprintUserMessages: Late EndPlayMap Detection: Level '/Game/ThirdPersonBP/Maps/ThirdPersonExampleMap.ThirdPersonExampleMap:PersistentLevel' has LevelScriptBlueprint '/Game/ThirdPersonBP/Maps/ThirdPersonExampleMap.ThirdPersonExampleMap:PersistentLevel.ThirdPersonExampleMap' with GeneratedClass '/Game/ThirdPersonBP/Maps/ThirdPersonExampleMap.ThirdPersonExampleMap_C' with ClassGeneratedBy '/Game/ThirdPersonBP/Maps/ThirdPersonExampleMap.ThirdPersonExampleMap:PersistentLevel.ThirdPersonExampleMap'
[2017.05.22-12.37.26:103][721]LogSlate: Took 0.035708 seconds to synchronously load lazily loaded font '../../../Engine/Content/Slate/Fonts/Roboto-Light.ttf' (159K)
[2017.05.22-12.37.26:892][721]LogSavePackage: Save=519.88ms
[2017.05.22-12.37.26:893][721]LogSavePackage: Moving '../../../../../../UnrealProjects/CharacterMechanics/Saved/ThirdPersonExampleMapA14C70B148CCE9E65A792EAA04B24D8B.tmp' to '../../../../../../UnrealProjects/CharacterMechanics/Content/ThirdPersonBP/Maps/ThirdPersonExampleMap.umap'
[2017.05.22-12.37.26:919][721]LogSavePackage:Display: Finished SavePackage ../../../../../../UnrealProjects/CharacterMechanics/Content/ThirdPersonBP/Maps/ThirdPersonExampleMap.umap
[2017.05.22-12.37.28:105][721]LogSlate: Took 0.053638 seconds to synchronously load lazily loaded font '../../../Engine/Content/Slate/Fonts/Roboto-Regular.ttf' (155K)
[2017.05.22-12.37.28:465][721]LogSavePackage: Save=1125.45ms
[2017.05.22-12.37.28:465][721]LogSavePackage: Moving '../../../../../../UnrealProjects/CharacterMechanics/Saved/ThirdPersonExampleMap_BuiltData63A12966432529626DEC09B1D13E9960.tmp' to '../../../../../../UnrealProjects/CharacterMechanics/Content/ThirdPersonBP/Maps/ThirdPersonExampleMap_BuiltData.uasset'
[2017.05.22-12.37.28:485][721]LogSavePackage:Display: Finished SavePackage ../../../../../../UnrealProjects/CharacterMechanics/Content/ThirdPersonBP/Maps/ThirdPersonExampleMap_BuiltData.uasset
[2017.05.22-12.55.36:889][343]LogContentBrowser: Native class hierarchy updated for 'BlueprintGraph' in 0.0071 seconds. Added 112 classes and 0 folders.
[2017.05.22-12.55.45:720][472]LogSlate: Took 0.053755 seconds to synchronously load lazily loaded font '../../../Engine/Content/Editor/Slate/Fonts/Roboto-BoldCondensed.ttf' (158K)
[2017.05.22-12.55.48:315][473]LogSlate: Took 0.018160 seconds to synchronously load lazily loaded font '../../../Engine/Content/Editor/Slate/Fonts/Roboto-Italic.ttf' (157K)
[2017.05.22-12.56.06:791][741]LogEditorTransaction: Undo Move Node
[2017.05.22-12.56.07:001][741]LogSlate: Took 0.016779 seconds to synchronously load lazily loaded font '../../../Engine/Content/Slate/Fonts/Roboto-Light.ttf' (159K)
[2017.05.22-12.57.54:507][763]LogSavePackage: Save=301.93ms
[2017.05.22-12.57.54:507][763]LogSavePackage: Moving '../../../../../../UnrealProjects/CharacterMechanics/Saved/ThirdPersonExampleMap_Auto1543D5C324737D9564DE18CB3434294C1.tmp' to '../../../../../../UnrealProjects/CharacterMechanics/Saved/Autosaves/Game/ThirdPersonBP/Maps/ThirdPersonExampleMap_Auto1.umap'
[2017.05.22-12.57.54:542][763]LogSavePackage:Display: Finished SavePackage ../../../../../../UnrealProjects/CharacterMechanics/Saved/Autosaves/Game/ThirdPersonBP/Maps/ThirdPersonExampleMap_Auto1.umap
[2017.05.22-12.57.54:564][763]LogFileHelpers: Editor autosave (incl. sublevels) for '/Game/ThirdPersonBP/Maps/ThirdPersonExampleMap' took 0.730
[2017.05.22-12.57.54:564][763]LogFileHelpers: Editor autosave (incl. sublevels) for all levels took 0.730
[2017.05.22-12.57.54:566][763]OBJ SavePackage: Generating thumbnails for [1] asset(s) in package [/Game/ThirdPersonBP/Blueprints/ThirdPersonCharacter] ([1] browsable assets)...
[2017.05.22-12.57.54:633][763]OBJ SavePackage:     Rendered thumbnail for [Blueprint /Game/ThirdPersonBP/Blueprints/ThirdPersonCharacter.ThirdPersonCharacter]
[2017.05.22-12.57.54:633][763]OBJ SavePackage: Finished generating thumbnails for package [/Game/ThirdPersonBP/Blueprints/ThirdPersonCharacter]
[2017.05.22-12.57.55:019][763]LogSavePackage: Save=348.32ms
[2017.05.22-12.57.55:019][763]LogSavePackage: Moving '../../../../../../UnrealProjects/CharacterMechanics/Saved/ThirdPersonCharacter_Auto127F9A99842F36FE3A95D1FA62DD2C4B6.tmp' to '../../../../../../UnrealProjects/CharacterMechanics/Saved/Autosaves/Game/ThirdPersonBP/Blueprints/ThirdPersonCharacter_Auto1.uasset'
[2017.05.22-12.57.55:038][763]LogSavePackage:Display: Finished SavePackage ../../../../../../UnrealProjects/CharacterMechanics/Saved/Autosaves/Game/ThirdPersonBP/Blueprints/ThirdPersonCharacter_Auto1.uasset
[2017.05.22-12.57.55:038][763]LogFileHelpers: Auto-saving content packages took 0.473
[2017.05.22-13.03.03:092][838]BlueprintLog: New page: Compile ThirdPersonCharacter
[2017.05.22-13.04.46:388][801]LogSlate: Took 0.017749 seconds to synchronously load lazily loaded font '../../../Engine/Content/Editor/Slate/Fonts/Roboto-BoldCondensedItalic.ttf' (160K)
[2017.05.22-13.04.53:021][968]BlueprintLog: New page: Compile ThirdPersonCharacter
[2017.05.22-13.04.57:259][ 81]LogSavePackage: Save=304.10ms
[2017.05.22-13.04.57:259][ 81]LogSavePackage: Moving '../../../../../../UnrealProjects/CharacterMechanics/Saved/ThirdPersonExampleMap889BE24D43F67B0048083D8510668294.tmp' to '../../../../../../UnrealProjects/CharacterMechanics/Content/ThirdPersonBP/Maps/ThirdPersonExampleMap.umap'
[2017.05.22-13.04.57:267][ 81]LogSavePackage:Display: Finished SavePackage ../../../../../../UnrealProjects/CharacterMechanics/Content/ThirdPersonBP/Maps/ThirdPersonExampleMap.umap
[2017.05.22-13.04.58:275][ 81]LogSavePackage: Save=859.85ms
[2017.05.22-13.04.58:275][ 81]LogSavePackage: Moving '../../../../../../UnrealProjects/CharacterMechanics/Saved/ThirdPersonExampleMap_BuiltDataBA3A1E94452BAE0BABB3D7AEB6A8FB43.tmp' to '../../../../../../UnrealProjects/CharacterMechanics/Content/ThirdPersonBP/Maps/ThirdPersonExampleMap_BuiltData.uasset'
[2017.05.22-13.04.58:276][ 81]LogSavePackage:Display: Finished SavePackage ../../../../../../UnrealProjects/CharacterMechanics/Content/ThirdPersonBP/Maps/ThirdPersonExampleMap_BuiltData.uasset
[2017.05.22-13.05.00:995][144]LogSavePackage: Save=238.62ms
[2017.05.22-13.05.00:995][144]LogSavePackage: Moving '../../../../../../UnrealProjects/CharacterMechanics/Saved/ThirdPersonCharacterA2E1E255481A0499E9875E8263E89B12.tmp' to '../../../../../../UnrealProjects/CharacterMechanics/Content/ThirdPersonBP/Blueprints/ThirdPersonCharacter.uasset'
[2017.05.22-13.05.01:002][144]LogSavePackage:Display: Finished SavePackage ../../../../../../UnrealProjects/CharacterMechanics/Content/ThirdPersonBP/Blueprints/ThirdPersonCharacter.uasset
[2017.05.22-13.05.01:243][144]LogWindowsTextInputMethodSystem:Display: IME system now deactivated.
[2017.05.22-13.05.01:702][145]Cmd: QUIT_EDITOR
[2017.05.22-13.05.02:645][145]LogExit: Preparing to exit.
[2017.05.22-13.05.03:184][145]LogDirectoryWatcher: A directory notification for 'D:/UnrealProjects/CharacterMechanics/Content/' was aborted.
[2017.05.22-13.05.03:389][145]LogExit: Editor shut down
[2017.05.22-13.05.03:391][145]LogExit: Transaction tracking system shut down
[2017.05.22-13.05.03:681][145]LogObj: Freed 0b from 0 cluster array pools.
[2017.05.22-13.05.03:681][145]LogExit: Object subsystem successfully closed.
[2017.05.22-13.05.03:714][145]LogD3D11RHI: Shutdown
[2017.05.22-13.05.03:714][145]LogD3D11RHI: CleanupD3DDevice
[2017.05.22-13.05.04:463][145]LogD3D11RHI: ~FD3D11DynamicRHI
[2017.05.22-13.05.04:496][145]LogModuleManager: Shutting down and abandoning module BlueprintGraph (504)
[2017.05.22-13.05.04:496][145]LogModuleManager: Shutting down and abandoning module BlueprintProfiler (502)
[2017.05.22-13.05.04:516][145]LogModuleManager: Shutting down and abandoning module MovieSceneCapture (500)
[2017.05.22-13.05.04:549][145]LogModuleManager: Shutting down and abandoning module HierarchicalLODOutliner (498)
[2017.05.22-13.05.04:549][145]LogModuleManager: Shutting down and abandoning module CrashTracker (496)
[2017.05.22-13.05.04:549][145]LogModuleManager: Shutting down and abandoning module SceneOutliner (494)
[2017.05.22-13.05.04:549][145]LogModuleManager: Shutting down and abandoning module AddContentDialog (492)
[2017.05.22-13.05.04:585][145]LogDirectoryWatcher: A directory notification for 'D:/Program Files/Epic Games/UE_4.15/FeaturePacks/' was aborted.
[2017.05.22-13.05.04:620][145]LogModuleManager: Shutting down and abandoning module WidgetCarousel (491)
[2017.05.22-13.05.04:620][145]LogModuleManager: Shutting down and abandoning module EditorWidgets (488)
[2017.05.22-13.05.04:620][145]LogModuleManager: Shutting down and abandoning module CollectionManager (486)
[2017.05.22-13.05.04:620][145]LogDirectoryWatcher: A directory notification for 'D:/UnrealProjects/CharacterMechanics/Content/Collections/' was aborted.
[2017.05.22-13.05.04:620][145]LogDirectoryWatcher: A directory notification for 'D:/UnrealProjects/CharacterMechanics/Content/Developers/User/Collections/' was aborted.
[2017.05.22-13.05.04:620][145]LogDirectoryWatcher: A directory notification for 'D:/UnrealProjects/CharacterMechanics/Saved/Collections/' was aborted.
[2017.05.22-13.05.04:620][145]LogModuleManager: Shutting down and abandoning module StatsViewer (484)
[2017.05.22-13.05.04:621][145]LogModuleManager: Shutting down and abandoning module FoliageEdit (482)
[2017.05.22-13.05.04:621][145]LogModuleManager: Shutting down and abandoning module LandscapeEditor (480)
[2017.05.22-13.05.04:621][145]LogModuleManager: Shutting down and abandoning module SceneDepthPickerMode (478)
[2017.05.22-13.05.04:621][145]LogModuleManager: Shutting down and abandoning module ActorPickerMode (476)
[2017.05.22-13.05.04:621][145]LogModuleManager: Shutting down and abandoning module GeometryMode (474)
[2017.05.22-13.05.04:621][145]LogModuleManager: Shutting down and abandoning module TextureAlignMode (472)
[2017.05.22-13.05.04:621][145]LogModuleManager: Shutting down and abandoning module BspMode (470)
[2017.05.22-13.05.04:621][145]LogModuleManager: Shutting down and abandoning module HardwareSurvey (468)
[2017.05.22-13.05.04:621][145]LogModuleManager: Shutting down and abandoning module SequenceRecorderSections (466)
[2017.05.22-13.05.04:621][145]LogModuleManager: Shutting down and abandoning module AutomationWorker (464)
[2017.05.22-13.05.04:621][145]LogModuleManager: Shutting down and abandoning module MatineeToLevelSequence (462)
[2017.05.22-13.05.04:621][145]LogModuleManager: Shutting down and abandoning module LevelSequenceEditor (460)
[2017.05.22-13.05.04:621][145]LogModuleManager: Shutting down and abandoning module PlacementMode (459)
[2017.05.22-13.05.04:621][145]LogModuleManager: Shutting down and abandoning module WmfMediaFactory (456)
[2017.05.22-13.05.04:621][145]LogModuleManager: Shutting down and abandoning module WmfMediaEditor (454)
[2017.05.22-13.05.04:621][145]LogModuleManager: Shutting down and abandoning module MfMediaFactory (452)
[2017.05.22-13.05.04:621][145]LogModuleManager: Shutting down and abandoning module MfMediaEditor (450)
[2017.05.22-13.05.04:621][145]LogModuleManager: Shutting down and abandoning module AvfMediaFactory (448)
[2017.05.22-13.05.04:621][145]LogModuleManager: Shutting down and abandoning module AvfMediaEditor (446)
[2017.05.22-13.05.04:621][145]LogModuleManager: Shutting down and abandoning module AndroidMediaFactory (444)
[2017.05.22-13.05.04:621][145]LogModuleManager: Shutting down and abandoning module Media (443)
[2017.05.22-13.05.04:621][145]LogModuleManager: Shutting down and abandoning module AndroidMediaEditor (440)
[2017.05.22-13.05.04:621][145]LogModuleManager: Shutting down and abandoning module CharacterAI (438)
[2017.05.22-13.05.04:621][145]LogModuleManager: Shutting down and abandoning module AudioCapture (436)
[2017.05.22-13.05.04:621][145]LogModuleManager: Shutting down and abandoning module SequenceRecorder (435)
[2017.05.22-13.05.04:621][145]LogModuleManager: Shutting down and abandoning module SmartSnapping (432)
[2017.05.22-13.05.04:621][145]LogModuleManager: Shutting down and abandoning module SessionServices (430)
[2017.05.22-13.05.04:621][145]LogModuleManager: Shutting down and abandoning module ViewportSnapping (428)
[2017.05.22-13.05.04:622][145]LogModuleManager: Shutting down and abandoning module ViewportInteraction (426)
[2017.05.22-13.05.04:622][145]LogModuleManager: Shutting down and abandoning module LogVisualizer (424)
[2017.05.22-13.05.04:622][145]LogModuleManager: Shutting down and abandoning module IntroTutorials (422)
[2017.05.22-13.05.04:622][145]LogModuleManager: Shutting down and abandoning module GameProjectGeneration (421)
[2017.05.22-13.05.04:622][145]LogModuleManager: Shutting down and abandoning module EditorLiveStreaming (418)
[2017.05.22-13.05.04:622][145]LogModuleManager: Shutting down and abandoning module IOSPlatformEditor (416)
[2017.05.22-13.05.04:622][145]LogModuleManager: Shutting down and abandoning module HTML5PlatformEditor (414)
[2017.05.22-13.05.04:622][145]LogModuleManager: Shutting down and abandoning module AndroidPlatformEditor (412)
[2017.05.22-13.05.04:622][145]LogModuleManager: Shutting down and abandoning module AndroidDeviceDetection (411)
[2017.05.22-13.05.05:164][145]LogModuleManager: Shutting down and abandoning module IOSRuntimeSettings (408)
[2017.05.22-13.05.05:164][145]LogModuleManager: Shutting down and abandoning module AndroidRuntimeSettings (406)
[2017.05.22-13.05.05:164][145]LogModuleManager: Shutting down and abandoning module InputBindingEditor (404)
[2017.05.22-13.05.05:165][145]LogModuleManager: Shutting down and abandoning module NiagaraEditor (402)
[2017.05.22-13.05.05:165][145]LogModuleManager: Shutting down and abandoning module MergeActors (400)
[2017.05.22-13.05.05:165][145]LogModuleManager: Shutting down and abandoning module SizeMap (398)
[2017.05.22-13.05.05:165][145]LogModuleManager: Shutting down and abandoning module TreeMap (396)
[2017.05.22-13.05.05:165][145]LogModuleManager: Shutting down and abandoning module ReferenceViewer (394)
[2017.05.22-13.05.05:165][145]LogModuleManager: Shutting down and abandoning module LocalizationDashboard (392)
[2017.05.22-13.05.05:165][145]LogModuleManager: Shutting down and abandoning module LocalizationService (391)
[2017.05.22-13.05.05:165][145]LogModuleManager: Shutting down and abandoning module HardwareTargeting (388)
[2017.05.22-13.05.05:165][145]LogModuleManager: Shutting down and abandoning module DeviceProfileEditor (386)
[2017.05.22-13.05.05:165][145]LogModuleManager: Shutting down and abandoning module UndoHistory (384)
[2017.05.22-13.05.05:165][145]LogModuleManager: Shutting down and abandoning module UserFeedback (382)
[2017.05.22-13.05.05:165][145]LogModuleManager: Shutting down and abandoning module XmlParser (380)
[2017.05.22-13.05.05:165][145]LogModuleManager: Shutting down and abandoning module Blutility (378)
[2017.05.22-13.05.05:165][145]LogModuleManager: Shutting down and abandoning module ProjectSettingsViewer (376)
[2017.05.22-13.05.05:165][145]LogModuleManager: Shutting down and abandoning module ProjectTargetPlatformEditor (375)
[2017.05.22-13.05.05:166][145]LogModuleManager: Shutting down and abandoning module EditorSettingsViewer (372)
[2017.05.22-13.05.05:166][145]LogModuleManager: Shutting down and abandoning module SettingsEditor (370)
[2017.05.22-13.05.05:166][145]LogModuleManager: Shutting down and abandoning module ProjectLauncher (368)
[2017.05.22-13.05.05:166][145]LogModuleManager: Shutting down and abandoning module SessionFrontend (366)
[2017.05.22-13.05.05:166][145]LogModuleManager: Shutting down and abandoning module ProfilerClient (364)
[2017.05.22-13.05.05:166][145]LogModuleManager: Shutting down and abandoning module DeviceManager (362)
[2017.05.22-13.05.05:166][145]LogModuleManager: Shutting down and abandoning module TargetDeviceServices (361)
[2017.05.22-13.05.05:209][145]LogModuleManager: Shutting down and abandoning module AutomationController (358)
[2017.05.22-13.05.05:209][145]LogModuleManager: Shutting down and abandoning module AutomationWindow (356)
[2017.05.22-13.05.05:209][145]LogModuleManager: Shutting down and abandoning module Layers (354)
[2017.05.22-13.05.05:209][145]LogModuleManager: Shutting down and abandoning module ComponentVisualizers (352)
[2017.05.22-13.05.05:209][145]LogModuleManager: Shutting down and abandoning module DetailCustomizations (350)
[2017.05.22-13.05.05:209][145]LogModuleManager: Shutting down and abandoning module PackagesDialog (348)
[2017.05.22-13.05.05:209][145]LogModuleManager: Shutting down and abandoning module Persona (346)
[2017.05.22-13.05.05:209][145]LogModuleManager: Shutting down and abandoning module AnimGraph (345)
[2017.05.22-13.05.05:209][145]LogModuleManager: Shutting down and abandoning module Kismet (342)
[2017.05.22-13.05.05:223][145]LogModuleManager: Shutting down and abandoning module GraphEditor (340)
[2017.05.22-13.05.05:223][145]LogModuleManager: Shutting down and abandoning module ClassViewer (338)
[2017.05.22-13.05.05:223][145]LogModuleManager: Shutting down and abandoning module Toolbox (336)
[2017.05.22-13.05.05:223][145]LogModuleManager: Shutting down and abandoning module ModuleUI (334)
[2017.05.22-13.05.05:223][145]LogModuleManager: Shutting down and abandoning module MovieSceneTools (332)
[2017.05.22-13.05.05:223][145]LogModuleManager: Shutting down and abandoning module OutputLog (330)
[2017.05.22-13.05.05:223][145]LogModuleManager: Shutting down and abandoning module GammaUI (328)
[2017.05.22-13.05.05:223][145]LogModuleManager: Shutting down and abandoning module Documentation (326)
[2017.05.22-13.05.05:224][145]LogModuleManager: Shutting down and abandoning module Niagara (324)
[2017.05.22-13.05.05:224][145]LogModuleManager: Shutting down and abandoning module StreamingPauseRendering (322)
[2017.05.22-13.05.05:224][145]LogModuleManager: Shutting down and abandoning module AnalyticsET (320)
[2017.05.22-13.05.05:224][145]LogModuleManager: Shutting down and abandoning module PortalServices (318)
[2017.05.22-13.05.05:224][145]LogModuleManager: Shutting down and abandoning module PortalRpc (316)
[2017.05.22-13.05.05:224][145]LogModuleManager: Shutting down and abandoning module MessagingRpc (314)
[2017.05.22-13.05.05:224][145]LogModuleManager: Shutting down and abandoning module AIModule (312)
[2017.05.22-13.05.05:224][145]LogModuleManager: Shutting down and abandoning module GameplayDebugger (311)
[2017.05.22-13.05.05:224][145]LogModuleManager: Shutting down and abandoning module AITestSuite (309)
[2017.05.22-13.05.05:224][145]LogModuleManager: Shutting down and abandoning module ProfilerService (306)
[2017.05.22-13.05.05:408][145]LogModuleManager: Shutting down and abandoning module TaskGraph (304)
[2017.05.22-13.05.05:408][145]LogModuleManager: Shutting down and abandoning module SteamVRController (302)
[2017.05.22-13.05.05:408][145]LogModuleManager: Shutting down and abandoning module SteamVR (300)
[2017.05.22-13.05.05:408][145]LogModuleManager: Shutting down and abandoning module ProceduralMeshComponentEditor (298)
[2017.05.22-13.05.05:409][145]LogModuleManager: Shutting down and abandoning module ProceduralMeshComponent (296)
[2017.05.22-13.05.05:409][145]LogModuleManager: Shutting down and abandoning module OculusLibrary (294)
[2017.05.22-13.05.05:409][145]LogModuleManager: Shutting down and abandoning module OculusInput (292)
[2017.05.22-13.05.05:409][145]LogModuleManager: Shutting down and abandoning module MobilePatchingUtils (290)
[2017.05.22-13.05.05:409][145]LogModuleManager: Shutting down and abandoning module CustomMeshComponent (288)
[2017.05.22-13.05.05:409][145]LogModuleManager: Shutting down and abandoning module CableComponent (286)
[2017.05.22-13.05.05:409][145]LogModuleManager: Shutting down and abandoning module ArchVisCharacter (284)
[2017.05.22-13.05.05:409][145]LogModuleManager: Shutting down and abandoning module MediaPlayerEditor (280)
[2017.05.22-13.05.05:409][145]LogModuleManager: Shutting down and abandoning module HTML5Networking (278)
[2017.05.22-13.05.05:409][145]LogModuleManager: Shutting down and abandoning module AlembicImporter (276)
[2017.05.22-13.05.05:409][145]LogModuleManager: Shutting down and abandoning module AlembicLibrary (275)
[2017.05.22-13.05.05:409][145]LogModuleManager: Shutting down and abandoning module GeometryCache (274)
[2017.05.22-13.05.05:409][145]LogModuleManager: Shutting down and abandoning module GeometryCacheEd (273)
[2017.05.22-13.05.05:409][145]LogModuleManager: Shutting down and abandoning module SuperSearchEditor (268)
[2017.05.22-13.05.05:409][145]LogModuleManager: Shutting down and abandoning module SuperSearch (267)
[2017.05.22-13.05.05:409][145]LogModuleManager: Shutting down and abandoning module SpeedTreeImporter (264)
[2017.05.22-13.05.05:409][145]LogModuleManager: Shutting down and abandoning module PluginBrowser (262)
[2017.05.22-13.05.05:409][145]LogModuleManager: Shutting down and abandoning module MobileLauncherProfileWizard (260)
[2017.05.22-13.05.05:409][145]LogModuleManager: Shutting down and abandoning module EpicSurvey (258)
[2017.05.22-13.05.05:409][145]LogModuleManager: Shutting down and abandoning module VisualStudioSourceCodeAccess (256)
[2017.05.22-13.05.05:409][145]LogModuleManager: Shutting down and abandoning module DesktopPlatform (255)
[2017.05.22-13.05.05:409][145]LogModuleManager: Shutting down and abandoning module UObjectPlugin (252)
[2017.05.22-13.05.05:409][145]LogModuleManager: Shutting down and abandoning module SubversionSourceControl (250)
[2017.05.22-13.05.05:409][145]LogModuleManager: Shutting down and abandoning module PerforceSourceControl (248)
[2017.05.22-13.05.05:409][145]LogModuleManager: Shutting down and abandoning module GitSourceControl (246)
[2017.05.22-13.05.05:409][145]LogModuleManager: Shutting down and abandoning module SourceControl (245)
[2017.05.22-13.05.05:409][145]LogModuleManager: Shutting down and abandoning module LightPropagationVolumeEditor (242)
[2017.05.22-13.05.05:409][145]LogModuleManager: Shutting down and abandoning module PaperTiledImporter (240)
[2017.05.22-13.05.05:409][145]LogModuleManager: Shutting down and abandoning module PaperSpriteSheetImporter (238)
[2017.05.22-13.05.05:409][145]LogModuleManager: Shutting down and abandoning module Paper2DEditor (236)
[2017.05.22-13.05.05:410][145]LogModuleManager: Shutting down and abandoning module MeshPaint (235)
[2017.05.22-13.05.05:410][145]LogModuleManager: Shutting down and abandoning module LevelEditor (233)
[2017.05.22-13.05.05:412][145]LogModuleManager: Shutting down and abandoning module PixelInspectorModule (232)
[2017.05.22-13.05.05:412][145]LogModuleManager: Shutting down and abandoning module MainFrame (230)
[2017.05.22-13.05.05:412][145]LogModuleManager: Shutting down and abandoning module HotReload (229)
[2017.05.22-13.05.05:413][145]LogModuleManager: Shutting down and abandoning module ContentBrowser (225)
[2017.05.22-13.05.05:416][145]LogModuleManager: Shutting down and abandoning module PhysXVehiclesEditor (222)
[2017.05.22-13.05.05:416][145]LogModuleManager: Shutting down and abandoning module PhysXVehicles (220)
[2017.05.22-13.05.05:416][145]LogModuleManager: Shutting down and abandoning module LocationServicesBPLibrary (218)
[2017.05.22-13.05.05:416][145]LogModuleManager: Shutting down and abandoning module UdpMessaging (216)
[2017.05.22-13.05.05:517][145]LogModuleManager: Shutting down and abandoning module TcpMessaging (214)
[2017.05.22-13.05.05:617][145]LogModuleManager: Shutting down and abandoning module GameplayTagsEditor (212)
[2017.05.22-13.05.05:617][145]LogModuleManager: Shutting down and abandoning module FacialAnimationEditor (210)
[2017.05.22-13.05.05:617][145]LogModuleManager: Shutting down and abandoning module FacialAnimation (208)
[2017.05.22-13.05.05:617][145]LogModuleManager: Shutting down and abandoning module LightPropagationVolumeRuntime (206)
[2017.05.22-13.05.05:617][145]LogModuleManager: Shutting down and abandoning module Paper2D (204)
[2017.05.22-13.05.05:617][145]LogModuleManager: Shutting down and abandoning module WindowsMoviePlayer (202)
[2017.05.22-13.05.05:617][145]LogModuleManager: Shutting down and abandoning module WmfMedia (200)
[2017.05.22-13.05.05:618][145]LogModuleManager: Shutting down and abandoning module MfMedia (198)
[2017.05.22-13.05.05:618][145]LogModuleManager: Shutting down and abandoning module MediaAssets (196)
[2017.05.22-13.05.05:618][145]LogModuleManager: Shutting down and abandoning module GameLiveStreaming (194)
[2017.05.22-13.05.05:618][145]LogModuleManager: Shutting down and abandoning module VREditor (192)
[2017.05.22-13.05.05:619][145]LogModuleManager: Shutting down and abandoning module GameplayTasksEditor (190)
[2017.05.22-13.05.05:619][145]LogModuleManager: Shutting down and abandoning module BehaviorTreeEditor (188)
[2017.05.22-13.05.05:619][145]LogModuleManager: Shutting down and abandoning module FunctionalTesting (186)
[2017.05.22-13.05.05:619][145]LogModuleManager: Shutting down and abandoning module CollisionAnalyzer (184)
[2017.05.22-13.05.05:619][145]LogModuleManager: Shutting down and abandoning module UMG (182)
[2017.05.22-13.05.05:619][145]LogModuleManager: Shutting down and abandoning module UMGEditor (181)
[2017.05.22-13.05.05:619][145]LogModuleManager: Shutting down and abandoning module Sequencer (180)
[2017.05.22-13.05.05:619][145]LogModuleManager: Shutting down and abandoning module AssetTools (178)
[2017.05.22-13.05.05:619][145]LogModuleManager: Shutting down and abandoning module MessageLog (177)
[2017.05.22-13.05.05:619][145]LogModuleManager: Shutting down and abandoning module WorkspaceMenuStructure (176)
[2017.05.22-13.05.05:619][145]LogModuleManager: Shutting down and abandoning module SlateReflector (170)
[2017.05.22-13.05.05:619][145]LogModuleManager: Shutting down and abandoning module Slate (168)
[2017.05.22-13.05.05:619][145]LogModuleManager: Shutting down and abandoning module EditorStyle (166)
[2017.05.22-13.05.05:624][145]LogModuleManager: Shutting down and abandoning module SourceCodeAccess (164)
[2017.05.22-13.05.05:624][145]LogModuleManager: Shutting down and abandoning module HeadMountedDisplay (162)
[2017.05.22-13.05.05:624][145]LogModuleManager: Shutting down and abandoning module XAudio2 (160)
[2017.05.22-13.05.05:624][145]LogModuleManager: Shutting down and abandoning module Networking (158)
[2017.05.22-13.05.05:624][145]LogModuleManager: Shutting down and abandoning module Core (154)
[2017.05.22-13.05.05:624][145]LogModuleManager: Shutting down and abandoning module AssetRegistry (152)
[2017.05.22-13.05.05:833][145]LogDirectoryWatcher: A directory notification for '../../../Engine/Content/' was aborted.
[2017.05.22-13.05.05:833][145]LogDirectoryWatcher: A directory notification for '../../../../../../UnrealProjects/CharacterMechanics/Content/' was aborted.
[2017.05.22-13.05.05:833][145]LogDirectoryWatcher: A directory notification for '../../../Engine/Plugins/2D/Paper2D/Content/' was aborted.
[2017.05.22-13.05.05:833][145]LogModuleManager: Shutting down and abandoning module DirectoryWatcher (151)
[2017.05.22-13.05.05:841][145]LogModuleManager: Shutting down and abandoning module KismetCompiler (148)
[2017.05.22-13.05.05:842][145]LogModuleManager: Shutting down and abandoning module PhysXFormats (146)
[2017.05.22-13.05.05:842][145]LogModuleManager: Shutting down and abandoning module MeshUtilities (144)
[2017.05.22-13.05.05:842][145]LogModuleManager: Shutting down and abandoning module SimplygonSwarm (143)
[2017.05.22-13.05.05:842][145]LogModuleManager: Shutting down and abandoning module SimplygonMeshReduction (141)
[2017.05.22-13.05.05:842][145]LogModuleManager: Shutting down and abandoning module QuadricMeshReduction (139)
[2017.05.22-13.05.05:842][145]LogModuleManager: Shutting down and abandoning module PropertyEditor (137)
[2017.05.22-13.05.05:842][145]LogModuleManager: Shutting down and abandoning module DerivedDataCache (134)
[2017.05.22-13.05.05:936][145]LogDerivedDataCache: Shutdown
[2017.05.22-13.05.05:936][145]LogModuleManager: Shutting down and abandoning module TargetPlatform (132)
[2017.05.22-13.05.05:937][145]LogModuleManager: Shutting down and abandoning module VulkanShaderFormat (131)
[2017.05.22-13.05.05:937][145]LogModuleManager: Shutting down and abandoning module ShaderFormatOpenGL (129)
[2017.05.22-13.05.05:937][145]LogModuleManager: Shutting down and abandoning module ShaderFormatD3D (127)
[2017.05.22-13.05.05:937][145]LogModuleManager: Shutting down and abandoning module MetalShaderFormat (125)
[2017.05.22-13.05.05:937][145]LogModuleManager: Shutting down and abandoning module TextureFormatUncompressed (123)
[2017.05.22-13.05.05:937][145]LogModuleManager: Shutting down and abandoning module TextureFormatPVR (121)
[2017.05.22-13.05.05:937][145]LogModuleManager: Shutting down and abandoning module TextureFormatDXT (119)
[2017.05.22-13.05.05:937][145]LogModuleManager: Shutting down and abandoning module TextureFormatIntelISPCTexComp (117)
[2017.05.22-13.05.05:938][145]LogModuleManager: Shutting down and abandoning module TextureFormatASTC (115)
[2017.05.22-13.05.05:938][145]LogModuleManager: Shutting down and abandoning module ImageWrapper (114)
[2017.05.22-13.05.05:938][145]LogModuleManager: Shutting down and abandoning module TextureFormatAndroid (111)
[2017.05.22-13.05.05:938][145]LogModuleManager: Shutting down and abandoning module AudioFormatOpus (109)
[2017.05.22-13.05.05:938][145]LogModuleManager: Shutting down and abandoning module AudioFormatOgg (107)
[2017.05.22-13.05.05:938][145]LogModuleManager: Shutting down and abandoning module AudioFormatADPCM (105)
[2017.05.22-13.05.05:938][145]LogModuleManager: Shutting down and abandoning module LinuxTargetPlatform (103)
[2017.05.22-13.05.05:938][145]LogModuleManager: Shutting down and abandoning module LinuxServerTargetPlatform (101)
[2017.05.22-13.05.05:938][145]LogModuleManager: Shutting down and abandoning module LinuxNoEditorTargetPlatform (99)
[2017.05.22-13.05.05:938][145]LogModuleManager: Shutting down and abandoning module LinuxClientTargetPlatform (97)
[2017.05.22-13.05.05:938][145]LogModuleManager: Shutting down and abandoning module TVOSTargetPlatform (95)
[2017.05.22-13.05.05:938][145]LogModuleManager: Shutting down and abandoning module Messaging (93)
[2017.05.22-13.05.05:938][145]LogModuleManager: Shutting down and abandoning module IOSTargetPlatform (91)
[2017.05.22-13.05.05:938][145]LogModuleManager: Shutting down and abandoning module HTML5TargetPlatform (89)
[2017.05.22-13.05.05:938][145]LogModuleManager: Shutting down and abandoning module Android_PVRTCTargetPlatform (87)
[2017.05.22-13.05.05:938][145]LogModuleManager: Shutting down and abandoning module Android_MultiTargetPlatform (85)
[2017.05.22-13.05.05:938][145]LogModuleManager: Shutting down and abandoning module Android_ETC2TargetPlatform (83)
[2017.05.22-13.05.05:938][145]LogModuleManager: Shutting down and abandoning module Android_ETC1TargetPlatform (81)
[2017.05.22-13.05.05:938][145]LogModuleManager: Shutting down and abandoning module Android_DXTTargetPlatform (79)
[2017.05.22-13.05.05:938][145]LogModuleManager: Shutting down and abandoning module Android_ATCTargetPlatform (77)
[2017.05.22-13.05.05:938][145]LogModuleManager: Shutting down and abandoning module Android_ASTCTargetPlatform (75)
[2017.05.22-13.05.05:938][145]LogModuleManager: Shutting down and abandoning module AndroidTargetPlatform (73)
[2017.05.22-13.05.05:938][145]LogModuleManager: Shutting down and abandoning module WindowsTargetPlatform (71)
[2017.05.22-13.05.05:939][145]LogModuleManager: Shutting down and abandoning module WindowsServerTargetPlatform (69)
[2017.05.22-13.05.05:939][145]LogModuleManager: Shutting down and abandoning module WindowsNoEditorTargetPlatform (67)
[2017.05.22-13.05.05:939][145]LogModuleManager: Shutting down and abandoning module WindowsClientTargetPlatform (65)
[2017.05.22-13.05.05:939][145]LogModuleManager: Shutting down and abandoning module MacTargetPlatform (63)
[2017.05.22-13.05.05:939][145]LogModuleManager: Shutting down and abandoning module MacServerTargetPlatform (61)
[2017.05.22-13.05.05:939][145]LogModuleManager: Shutting down and abandoning module MacNoEditorTargetPlatform (59)
[2017.05.22-13.05.05:939][145]LogModuleManager: Shutting down and abandoning module MacClientTargetPlatform (57)
[2017.05.22-13.05.05:939][145]LogModuleManager: Shutting down and abandoning module AllDesktopTargetPlatform (55)
[2017.05.22-13.05.05:939][145]LogModuleManager: Shutting down and abandoning module InputCore (52)
[2017.05.22-13.05.05:939][145]LogModuleManager: Shutting down and abandoning module Settings (50)
[2017.05.22-13.05.05:939][145]LogModuleManager: Shutting down and abandoning module OculusRift (48)
[2017.05.22-13.05.05:939][145]LogModuleManager: Shutting down and abandoning module GearVR (46)
[2017.05.22-13.05.05:939][145]LogModuleManager: Shutting down and abandoning module ExampleDeviceProfileSelector (44)
[2017.05.22-13.05.05:939][145]LogModuleManager: Shutting down and abandoning module OnlineBlueprintSupport (42)
[2017.05.22-13.05.05:939][145]LogModuleManager: Shutting down and abandoning module OnlineSubsystem (38)
[2017.05.22-13.05.05:939][145]LogOnline:Display: Unloading online subsystem: NULL
[2017.05.22-13.05.05:939][145]LogModuleManager: Shutting down and abandoning module XMPP (37)
[2017.05.22-13.05.05:939][145]LogModuleManager: Shutting down and abandoning module HTTP (35)
[2017.05.22-13.05.05:939][145]LogHttp:Display: Http module shutting down, but needs to wait on 1 outstanding Http requests:
[2017.05.22-13.05.05:939][145]LogHttp:Display: 	verb=[POST] url=[https://datarouter.ol.epicgames.com/datarouter/api/v1/public/data?SessionID=%7B6A7B222B-4F5B-941B-8FE4-AD83F0CAA251%7D&AppID=UEEditor.Rocket.Release&AppVersion=4.15.2-3416026%2B%2B%2BUE4%2BRelease-4.15&UserID=4ea433db432364d0efe27c9c38ade630%7C8220f44673ce4ad9a793f5b87032e76c%7C9fef0043-6bde-41c5-abb9-688a67241eb9&AppEnvironment=datacollector-binary&UploadType=eteventstream] status=Processing
[2017.05.22-13.05.05:951][145]LogModuleManager: Shutting down and abandoning module SSL (34)
[2017.05.22-13.05.05:956][145]LogModuleManager: Shutting down and abandoning module AudioEditor (30)
[2017.05.22-13.05.05:956][145]LogModuleManager: Shutting down and abandoning module TextureCompressor (28)
[2017.05.22-13.05.05:957][145]LogModuleManager: Shutting down and abandoning module ShaderCore (26)
[2017.05.22-13.05.05:957][145]LogModuleManager: Shutting down and abandoning module Landscape (24)
[2017.05.22-13.05.05:957][145]LogModuleManager: Shutting down and abandoning module SlateRHIRenderer (22)
[2017.05.22-13.05.05:964][145]LogModuleManager: Shutting down and abandoning module OpenGLDrv (20)
[2017.05.22-13.05.05:964][145]LogModuleManager: Shutting down and abandoning module D3D11RHI (18)
[2017.05.22-13.05.05:964][145]LogModuleManager: Shutting down and abandoning module AnimGraphRuntime (16)
[2017.05.22-13.05.05:964][145]LogModuleManager: Shutting down and abandoning module Renderer (14)
[2017.05.22-13.05.05:964][145]LogModuleManager: Shutting down and abandoning module Engine (12)
[2017.05.22-13.05.05:964][145]LogModuleManager: Shutting down and abandoning module CoreUObject (10)
[2017.05.22-13.05.05:964][145]LogModuleManager: Shutting down and abandoning module NetworkFile (8)
[2017.05.22-13.05.05:964][145]LogModuleManager: Shutting down and abandoning module StreamingFile (6)
[2017.05.22-13.05.05:964][145]LogModuleManager: Shutting down and abandoning module SandboxFile (4)
[2017.05.22-13.05.05:964][145]LogModuleManager: Shutting down and abandoning module PakFile (2)
[2017.05.22-13.05.05:966][145]LogExit: Exiting.
[2017.05.22-13.05.05:976][145]Log file closed, 05/22/17 14:05:05
